Copyright 1986-2018 Xilinx, Inc. All Rights Reserved.
------------------------------------------------------------------------------------
| Tool Version : Vivado v.2018.3 (lin64) Build 2405991 Thu Dec  6 23:36:41 MST 2018
| Date         : Tue Feb 26 11:50:43 2019
| Host         : offersen-S550CB running 64-bit Ubuntu 18.04.2 LTS
| Command      : report_control_sets -verbose -file top_control_sets_placed.rpt
| Design       : top
| Device       : xc7z010
------------------------------------------------------------------------------------

Control Set Information

Table of Contents
-----------------
1. Summary
2. Histogram
3. Flip-Flop Distribution
4. Detailed Control Set Information

1. Summary
----------

+----------------------------------------------------------+-------+
|                          Status                          | Count |
+----------------------------------------------------------+-------+
| Number of unique control sets                            |     5 |
| Unused register locations in slices containing registers |     2 |
+----------------------------------------------------------+-------+


2. Histogram
------------

+--------+--------------+
| Fanout | Control Sets |
+--------+--------------+
|      6 |            1 |
|    16+ |            4 |
+--------+--------------+


3. Flip-Flop Distribution
-------------------------

+--------------+-----------------------+------------------------+-----------------+--------------+
| Clock Enable | Synchronous Set/Reset | Asynchronous Set/Reset | Total Registers | Total Slices |
+--------------+-----------------------+------------------------+-----------------+--------------+
| No           | No                    | No                     |              22 |            7 |
| No           | No                    | Yes                    |               0 |            0 |
| No           | Yes                   | No                     |               0 |            0 |
| Yes          | No                    | No                     |               0 |            0 |
| Yes          | No                    | Yes                    |               0 |            0 |
| Yes          | Yes                   | No                     |              96 |           27 |
+--------------+-----------------------+------------------------+-----------------+--------------+


4. Detailed Control Set Information
-----------------------------------

+----------------+----------------------------------+-------------------------------+------------------+----------------+
|  Clock Signal  |           Enable Signal          |        Set/Reset Signal       | Slice Load Count | Bel Load Count |
+----------------+----------------------------------+-------------------------------+------------------+----------------+
|  pwm_freq_BUFG |                                  |                               |                3 |              6 |
|  clk_IBUF_BUFG |                                  |                               |                4 |             16 |
|  pwm_freq_BUFG | pwm_dual1/counter[31]_i_2__0_n_0 | pwm_dual1/counter[31]_i_1_n_0 |                9 |             32 |
|  pwm_freq_BUFG | pwm_dual0/counter[31]_i_2__1_n_0 | pwm_dual0/counter[31]_i_1_n_0 |                9 |             32 |
|  pwm_freq_BUFG | pwm_dual2/counter[31]_i_2_n_0    | pwm_dual2/counter[31]_i_1_n_0 |                9 |             32 |
+----------------+----------------------------------+-------------------------------+------------------+----------------+


