#-----------------------------------------------------------
# Webtalk v2018.3 (64-bit)
# SW Build 2405991 on Thu Dec  6 23:36:41 MST 2018
# 
# Start of session at: Thu Feb 28 11:26:28 2019
# Process ID: 9496
# Current directory: /home/jonas/Documents/SDU/Master/Semester1/Project/software/git/gokart_inverter/inverterControl/inverterControl.sdk/webtalk
# Command line: wbtcv -mode batch -source sdk_webtalk.tcl
# Log file: /home/jonas/Documents/SDU/Master/Semester1/Project/software/git/gokart_inverter/inverterControl/inverterControl.sdk/webtalk/webtalk.log
# Journal file: /home/jonas/Documents/SDU/Master/Semester1/Project/software/git/gokart_inverter/inverterControl/inverterControl.sdk/webtalk/webtalk.jou
#-----------------------------------------------------------
source sdk_webtalk.tcl
# webtalk_init -webtalk_dir /home/jonas/Documents/SDU/Master/Semester1/Project/software/git/gokart_inverter/inverterControl/inverterControl.sdk/webtalk
# webtalk_register_client -client project
# webtalk_add_data -client project -key date_generated -value "2019-02-28 11:26:26" -context "software_version_and_target_device"
# webtalk_add_data -client project -key product_version -value "SDK v2018.3" -context "software_version_and_target_device"
# webtalk_add_data -client project -key build_version -value "2018.3" -context "software_version_and_target_device"
# webtalk_add_data -client project -key os_platform -value "amd64" -context "software_version_and_target_device"
# webtalk_add_data -client project -key registration_id -value "" -context "software_version_and_target_device"
# webtalk_add_data -client project -key tool_flow -value "SDK" -context "software_version_and_target_device"
# webtalk_add_data -client project -key beta -value "false" -context "software_version_and_target_device"
# webtalk_add_data -client project -key route_design -value "NA" -context "software_version_and_target_device"
# webtalk_add_data -client project -key target_family -value "NA" -context "software_version_and_target_device"
# webtalk_add_data -client project -key target_device -value "NA" -context "software_version_and_target_device"
# webtalk_add_data -client project -key target_package -value "NA" -context "software_version_and_target_device"
# webtalk_add_data -client project -key target_speed -value "NA" -context "software_version_and_target_device"
# webtalk_add_data -client project -key random_id -value "6tblv53j8uo0ioa9kfjtikf18" -context "software_version_and_target_device"
# webtalk_add_data -client project -key project_id -value "2018.3_1" -context "software_version_and_target_device"
# webtalk_add_data -client project -key project_iteration -value "1" -context "software_version_and_target_device"
# webtalk_add_data -client project -key os_name -value "Ubuntu" -context "user_environment"
# webtalk_add_data -client project -key os_release -value "Ubuntu 18.04.1 LTS" -context "user_environment"
# webtalk_add_data -client project -key cpu_name -value "Intel(R) Core(TM) i5-3317U CPU @ 1.70GHz" -context "user_environment"
# webtalk_add_data -client project -key cpu_speed -value "1020.466 MHz" -context "user_environment"
# webtalk_add_data -client project -key total_processors -value "1" -context "user_environment"
# webtalk_add_data -client project -key system_ram -value "8.245 GB" -context "user_environment"
# webtalk_register_client -client sdk
# webtalk_add_data -client sdk -key uid -value "1551347137000" -context "sdk\\\\hardware/1551347137000"
# webtalk_add_data -client sdk -key isZynq -value "true" -context "sdk\\\\hardware/1551347137000"
# webtalk_add_data -client sdk -key isZynqMP -value "false" -context "sdk\\\\hardware/1551347137000"
# webtalk_add_data -client sdk -key Processors -value "2" -context "sdk\\\\hardware/1551347137000"
# webtalk_add_data -client sdk -key VivadoVersion -value "2018.3" -context "sdk\\\\hardware/1551347137000"
# webtalk_add_data -client sdk -key Arch -value "zynq" -context "sdk\\\\hardware/1551347137000"
# webtalk_add_data -client sdk -key Device -value "7z010" -context "sdk\\\\hardware/1551347137000"
# webtalk_add_data -client sdk -key IsHandoff -value "true" -context "sdk\\\\hardware/1551347137000"
# webtalk_add_data -client sdk -key os -value "NA" -context "sdk\\\\hardware/1551347137000"
# webtalk_add_data -client sdk -key apptemplate -value "NA" -context "sdk\\\\hardware/1551347137000"
# webtalk_add_data -client sdk -key RecordType -value "HWCreation" -context "sdk\\\\hardware/1551347137000"
# webtalk_add_data -client sdk -key uid -value "1551347184000" -context "sdk\\\\bsp/1551347184000"
# webtalk_add_data -client sdk -key hwid -value "1551347137000" -context "sdk\\\\bsp/1551347184000"
# webtalk_add_data -client sdk -key os -value "standalone" -context "sdk\\\\bsp/1551347184000"
# webtalk_add_data -client sdk -key apptemplate -value "empty_application" -context "sdk\\\\bsp/1551347184000"
# webtalk_add_data -client sdk -key RecordType -value "BSPCreation" -context "sdk\\\\bsp/1551347184000"
# webtalk_add_data -client sdk -key uid -value "1551347185000" -context "sdk\\\\application/1551347185000"
# webtalk_add_data -client sdk -key hwid -value "1551347137000" -context "sdk\\\\application/1551347185000"
# webtalk_add_data -client sdk -key bspid -value "1551347184000" -context "sdk\\\\application/1551347185000"
# webtalk_add_data -client sdk -key newbsp -value "true" -context "sdk\\\\application/1551347185000"
# webtalk_add_data -client sdk -key os -value "standalone" -context "sdk\\\\application/1551347185000"
# webtalk_add_data -client sdk -key apptemplate -value "empty_application" -context "sdk\\\\application/1551347185000"
# webtalk_add_data -client sdk -key RecordType -value "APPCreation" -context "sdk\\\\application/1551347185000"
# webtalk_add_data -client sdk -key LangUsed -value "C" -context "sdk\\\\application/1551347185000"
# webtalk_add_data -client sdk -key Procused -value "ps7_cortexa9" -context "sdk\\\\application/1551347185000"
# webtalk_add_data -client sdk -key projSize -value "277.7734375" -context "sdk\\\\application/1551347185000"
# webtalk_add_data -client sdk -key uid -value "NA" -context "sdk\\\\bsp/1551349586481"
# webtalk_add_data -client sdk -key RecordType -value "ToolUsage" -context "sdk\\\\bsp/1551349586481"
# webtalk_add_data -client sdk -key BootgenCount -value "0" -context "sdk\\\\bsp/1551349586481"
# webtalk_add_data -client sdk -key DebugCount -value "0" -context "sdk\\\\bsp/1551349586481"
# webtalk_add_data -client sdk -key PerfCount -value "0" -context "sdk\\\\bsp/1551349586481"
# webtalk_add_data -client sdk -key FlashCount -value "0" -context "sdk\\\\bsp/1551349586481"
# webtalk_add_data -client sdk -key CrossTriggCount -value "0" -context "sdk\\\\bsp/1551349586481"
# webtalk_add_data -client sdk -key QemuDebugCount -value "0" -context "sdk\\\\bsp/1551349586481"
# webtalk_transmit -clientid 3805245833 -regid "" -xml /home/jonas/Documents/SDU/Master/Semester1/Project/software/git/gokart_inverter/inverterControl/inverterControl.sdk/webtalk/usage_statistics_ext_sdk.xml -html /home/jonas/Documents/SDU/Master/Semester1/Project/software/git/gokart_inverter/inverterControl/inverterControl.sdk/webtalk/usage_statistics_ext_sdk.html -wdm /home/jonas/Documents/SDU/Master/Semester1/Project/software/git/gokart_inverter/inverterControl/inverterControl.sdk/webtalk/sdk_webtalk.wdm -intro "<H3>SDK Usage Report</H3><BR>"
# webtalk_terminate
INFO: [Common 17-206] Exiting Webtalk at Thu Feb 28 11:26:28 2019...
