10:45:23 INFO  : Registering command handlers for SDK TCF services
10:45:26 INFO  : Launching XSCT server: xsct -n -interactive /home/jonas/Documents/SDU/Master/Semester1/Project/software/git/gokart_inverter/inverterControl/inverterControl.sdk/temp_xsdb_launch_script.tcl
10:45:31 INFO  : XSCT server has started successfully.
10:45:32 INFO  : Successfully done setting XSCT server connection channel  
10:45:32 INFO  : Processing command line option -hwspec /home/jonas/Documents/SDU/Master/Semester1/Project/software/git/gokart_inverter/inverterControl/inverterControl.sdk/block_adc_wrapper.hdf.
10:45:32 INFO  : Successfully done setting SDK workspace  
11:23:46 INFO  : Connected to target on host '127.0.0.1' and port '3121'.
11:23:51 INFO  : Connected to target on host '127.0.0.1' and port '3121'.
11:23:51 INFO  : 'targets -set -filter {jtag_cable_name =~ "Digilent Zybo 210279771718A" && level==0} -index 1' command is executed.
11:23:53 INFO  : FPGA configured successfully with bitstream "/home/jonas/Documents/SDU/Master/Semester1/Project/software/git/gokart_inverter/inverterControl/inverterControl.sdk/block_adc_wrapper_hw_platform_0/block_adc_wrapper.bit"
11:26:43 INFO  : Registering command handlers for SDK TCF services
11:26:45 INFO  : Launching XSCT server: xsct -n -interactive /home/jonas/Documents/SDU/Master/Semester1/Project/software/git/gokart_inverter/inverterControl/inverterControl.sdk/temp_xsdb_launch_script.tcl
11:26:49 INFO  : XSCT server has started successfully.
11:26:49 INFO  : Successfully done setting XSCT server connection channel  
11:26:49 INFO  : Successfully done setting SDK workspace  
11:26:49 INFO  : Processing command line option -hwspec /home/jonas/Documents/SDU/Master/Semester1/Project/software/git/gokart_inverter/inverterControl/inverterControl.sdk/block_adc_wrapper.hdf.
11:26:49 INFO  : Checking for hwspec changes in the project block_adc_wrapper_hw_platform_0.
11:28:31 INFO  : 'targets -set -filter {jtag_cable_name =~ "Digilent Zybo 210279771718A" && level==0} -index 1' command is executed.
11:28:31 INFO  : 'fpga -state' command is executed.
11:28:31 INFO  : Connected to target on host '127.0.0.1' and port '3121'.
11:28:32 INFO  : Jtag cable 'Digilent Zybo 210279771718A' is selected.
11:28:32 INFO  : 'jtag frequency' command is executed.
11:28:32 INFO  : Sourcing of '/home/jonas/Documents/SDU/Master/Semester1/Project/software/git/gokart_inverter/inverterControl/inverterControl.sdk/block_adc_wrapper_hw_platform_0/ps7_init.tcl' is done.
11:28:32 INFO  : Context for 'APU' is selected.
11:28:32 INFO  : Hardware design information is loaded from '/home/jonas/Documents/SDU/Master/Semester1/Project/software/git/gokart_inverter/inverterControl/inverterControl.sdk/block_adc_wrapper_hw_platform_0/system.hdf'.
11:28:32 INFO  : 'configparams force-mem-access 1' command is executed.
11:28:32 INFO  : Context for 'APU' is selected.
11:28:32 INFO  : 'stop' command is executed.
11:28:32 INFO  : 'ps7_init' command is executed.
11:28:32 INFO  : 'ps7_post_config' command is executed.
11:28:32 INFO  : Context for processor 'ps7_cortexa9_0' is selected.
11:28:32 INFO  : Processor reset is completed for 'ps7_cortexa9_0'.
11:28:32 INFO  : Context for processor 'ps7_cortexa9_0' is selected.
11:28:33 INFO  : The application '/home/jonas/Documents/SDU/Master/Semester1/Project/software/git/gokart_inverter/inverterControl/inverterControl.sdk/Generic_XADC/Debug/Generic_XADC.elf' is downloaded to processor 'ps7_cortexa9_0'.
11:28:33 INFO  : 'configparams force-mem-access 0' command is executed.
11:28:33 INFO  : ----------------XSDB Script----------------
connect -url tcp:127.0.0.1:3121
source /home/jonas/Documents/SDU/Master/Semester1/Project/software/git/gokart_inverter/inverterControl/inverterControl.sdk/block_adc_wrapper_hw_platform_0/ps7_init.tcl
targets -set -nocase -filter {name =~"APU*" && jtag_cable_name =~ "Digilent Zybo 210279771718A"} -index 0
loadhw -hw /home/jonas/Documents/SDU/Master/Semester1/Project/software/git/gokart_inverter/inverterControl/inverterControl.sdk/block_adc_wrapper_hw_platform_0/system.hdf -mem-ranges [list {0x40000000 0xbfffffff}]
configparams force-mem-access 1
targets -set -nocase -filter {name =~"APU*" && jtag_cable_name =~ "Digilent Zybo 210279771718A"} -index 0
stop
ps7_init
ps7_post_config
targets -set -nocase -filter {name =~ "ARM*#0" && jtag_cable_name =~ "Digilent Zybo 210279771718A"} -index 0
rst -processor
targets -set -nocase -filter {name =~ "ARM*#0" && jtag_cable_name =~ "Digilent Zybo 210279771718A"} -index 0
dow /home/jonas/Documents/SDU/Master/Semester1/Project/software/git/gokart_inverter/inverterControl/inverterControl.sdk/Generic_XADC/Debug/Generic_XADC.elf
configparams force-mem-access 0
----------------End of Script----------------

11:28:33 INFO  : Context for processor 'ps7_cortexa9_0' is selected.
11:28:33 INFO  : 'con' command is executed.
11:28:33 INFO  : ----------------XSDB Script (After Launch)----------------
targets -set -nocase -filter {name =~ "ARM*#0" && jtag_cable_name =~ "Digilent Zybo 210279771718A"} -index 0
con
----------------End of Script----------------

11:28:33 INFO  : Disconnected from the channel tcfchan#1.
11:29:26 INFO  : 'targets -set -filter {jtag_cable_name =~ "Digilent Zybo 210279771718A" && level==0} -index 1' command is executed.
11:29:26 INFO  : 'fpga -state' command is executed.
11:29:26 INFO  : Connected to target on host '127.0.0.1' and port '3121'.
11:29:27 INFO  : Jtag cable 'Digilent Zybo 210279771718A' is selected.
11:29:27 INFO  : 'jtag frequency' command is executed.
11:29:27 INFO  : Sourcing of '/home/jonas/Documents/SDU/Master/Semester1/Project/software/git/gokart_inverter/inverterControl/inverterControl.sdk/block_adc_wrapper_hw_platform_0/ps7_init.tcl' is done.
11:29:27 INFO  : Context for 'APU' is selected.
11:29:28 INFO  : Hardware design information is loaded from '/home/jonas/Documents/SDU/Master/Semester1/Project/software/git/gokart_inverter/inverterControl/inverterControl.sdk/block_adc_wrapper_hw_platform_0/system.hdf'.
11:29:28 INFO  : 'configparams force-mem-access 1' command is executed.
11:29:28 INFO  : Context for 'APU' is selected.
11:29:29 INFO  : 'stop' command is executed.
11:29:29 INFO  : 'ps7_init' command is executed.
11:29:29 INFO  : 'ps7_post_config' command is executed.
11:29:29 INFO  : Context for processor 'ps7_cortexa9_0' is selected.
11:29:29 INFO  : Processor reset is completed for 'ps7_cortexa9_0'.
11:29:29 INFO  : Context for processor 'ps7_cortexa9_0' is selected.
11:29:29 INFO  : The application '/home/jonas/Documents/SDU/Master/Semester1/Project/software/git/gokart_inverter/inverterControl/inverterControl.sdk/Generic_XADC/Debug/Generic_XADC.elf' is downloaded to processor 'ps7_cortexa9_0'.
11:29:29 INFO  : 'configparams force-mem-access 0' command is executed.
11:29:29 INFO  : ----------------XSDB Script----------------
connect -url tcp:127.0.0.1:3121
source /home/jonas/Documents/SDU/Master/Semester1/Project/software/git/gokart_inverter/inverterControl/inverterControl.sdk/block_adc_wrapper_hw_platform_0/ps7_init.tcl
targets -set -nocase -filter {name =~"APU*" && jtag_cable_name =~ "Digilent Zybo 210279771718A"} -index 0
loadhw -hw /home/jonas/Documents/SDU/Master/Semester1/Project/software/git/gokart_inverter/inverterControl/inverterControl.sdk/block_adc_wrapper_hw_platform_0/system.hdf -mem-ranges [list {0x40000000 0xbfffffff}]
configparams force-mem-access 1
targets -set -nocase -filter {name =~"APU*" && jtag_cable_name =~ "Digilent Zybo 210279771718A"} -index 0
stop
ps7_init
ps7_post_config
targets -set -nocase -filter {name =~ "ARM*#0" && jtag_cable_name =~ "Digilent Zybo 210279771718A"} -index 0
rst -processor
targets -set -nocase -filter {name =~ "ARM*#0" && jtag_cable_name =~ "Digilent Zybo 210279771718A"} -index 0
dow /home/jonas/Documents/SDU/Master/Semester1/Project/software/git/gokart_inverter/inverterControl/inverterControl.sdk/Generic_XADC/Debug/Generic_XADC.elf
configparams force-mem-access 0
----------------End of Script----------------

11:29:29 INFO  : Context for processor 'ps7_cortexa9_0' is selected.
11:29:29 INFO  : 'con' command is executed.
11:29:29 INFO  : ----------------XSDB Script (After Launch)----------------
targets -set -nocase -filter {name =~ "ARM*#0" && jtag_cable_name =~ "Digilent Zybo 210279771718A"} -index 0
con
----------------End of Script----------------

11:29:29 INFO  : Disconnected from the channel tcfchan#2.
11:35:00 INFO  : 'targets -set -filter {jtag_cable_name =~ "Digilent Zybo 210279771718A" && level==0} -index 1' command is executed.
11:35:00 INFO  : 'fpga -state' command is executed.
11:35:00 INFO  : Connected to target on host '127.0.0.1' and port '3121'.
11:35:00 INFO  : Jtag cable 'Digilent Zybo 210279771718A' is selected.
11:35:00 INFO  : 'jtag frequency' command is executed.
11:35:00 INFO  : Sourcing of '/home/jonas/Documents/SDU/Master/Semester1/Project/software/git/gokart_inverter/inverterControl/inverterControl.sdk/block_adc_wrapper_hw_platform_0/ps7_init.tcl' is done.
11:35:00 INFO  : Context for 'APU' is selected.
11:35:02 INFO  : Hardware design information is loaded from '/home/jonas/Documents/SDU/Master/Semester1/Project/software/git/gokart_inverter/inverterControl/inverterControl.sdk/block_adc_wrapper_hw_platform_0/system.hdf'.
11:35:02 INFO  : 'configparams force-mem-access 1' command is executed.
11:35:02 INFO  : Context for 'APU' is selected.
11:35:02 INFO  : 'stop' command is executed.
11:35:03 INFO  : 'ps7_init' command is executed.
11:35:03 INFO  : 'ps7_post_config' command is executed.
11:35:03 INFO  : Context for processor 'ps7_cortexa9_0' is selected.
11:35:03 INFO  : Processor reset is completed for 'ps7_cortexa9_0'.
11:35:03 INFO  : Context for processor 'ps7_cortexa9_0' is selected.
11:35:03 INFO  : The application '/home/jonas/Documents/SDU/Master/Semester1/Project/software/git/gokart_inverter/inverterControl/inverterControl.sdk/Generic_XADC/Debug/Generic_XADC.elf' is downloaded to processor 'ps7_cortexa9_0'.
11:35:03 INFO  : 'configparams force-mem-access 0' command is executed.
11:35:03 INFO  : ----------------XSDB Script----------------
connect -url tcp:127.0.0.1:3121
source /home/jonas/Documents/SDU/Master/Semester1/Project/software/git/gokart_inverter/inverterControl/inverterControl.sdk/block_adc_wrapper_hw_platform_0/ps7_init.tcl
targets -set -nocase -filter {name =~"APU*" && jtag_cable_name =~ "Digilent Zybo 210279771718A"} -index 0
loadhw -hw /home/jonas/Documents/SDU/Master/Semester1/Project/software/git/gokart_inverter/inverterControl/inverterControl.sdk/block_adc_wrapper_hw_platform_0/system.hdf -mem-ranges [list {0x40000000 0xbfffffff}]
configparams force-mem-access 1
targets -set -nocase -filter {name =~"APU*" && jtag_cable_name =~ "Digilent Zybo 210279771718A"} -index 0
stop
ps7_init
ps7_post_config
targets -set -nocase -filter {name =~ "ARM*#0" && jtag_cable_name =~ "Digilent Zybo 210279771718A"} -index 0
rst -processor
targets -set -nocase -filter {name =~ "ARM*#0" && jtag_cable_name =~ "Digilent Zybo 210279771718A"} -index 0
dow /home/jonas/Documents/SDU/Master/Semester1/Project/software/git/gokart_inverter/inverterControl/inverterControl.sdk/Generic_XADC/Debug/Generic_XADC.elf
configparams force-mem-access 0
----------------End of Script----------------

11:35:03 INFO  : Context for processor 'ps7_cortexa9_0' is selected.
11:35:03 INFO  : 'con' command is executed.
11:35:03 INFO  : ----------------XSDB Script (After Launch)----------------
targets -set -nocase -filter {name =~ "ARM*#0" && jtag_cable_name =~ "Digilent Zybo 210279771718A"} -index 0
con
----------------End of Script----------------

11:35:03 INFO  : Disconnected from the channel tcfchan#3.
11:44:04 INFO  : 'targets -set -filter {jtag_cable_name =~ "Digilent Zybo 210279771718A" && level==0} -index 1' command is executed.
11:44:04 INFO  : 'fpga -state' command is executed.
11:44:04 INFO  : Connected to target on host '127.0.0.1' and port '3121'.
11:44:04 INFO  : Jtag cable 'Digilent Zybo 210279771718A' is selected.
11:44:04 INFO  : 'jtag frequency' command is executed.
11:44:04 INFO  : Sourcing of '/home/jonas/Documents/SDU/Master/Semester1/Project/software/git/gokart_inverter/inverterControl/inverterControl.sdk/block_adc_wrapper_hw_platform_0/ps7_init.tcl' is done.
11:44:04 INFO  : Context for 'APU' is selected.
11:44:06 INFO  : Hardware design information is loaded from '/home/jonas/Documents/SDU/Master/Semester1/Project/software/git/gokart_inverter/inverterControl/inverterControl.sdk/block_adc_wrapper_hw_platform_0/system.hdf'.
11:44:06 INFO  : 'configparams force-mem-access 1' command is executed.
11:44:06 INFO  : Context for 'APU' is selected.
11:44:06 INFO  : 'stop' command is executed.
11:44:07 INFO  : 'ps7_init' command is executed.
11:44:07 INFO  : 'ps7_post_config' command is executed.
11:44:07 INFO  : Context for processor 'ps7_cortexa9_0' is selected.
11:44:07 INFO  : Processor reset is completed for 'ps7_cortexa9_0'.
11:44:07 INFO  : Context for processor 'ps7_cortexa9_0' is selected.
11:44:07 INFO  : The application '/home/jonas/Documents/SDU/Master/Semester1/Project/software/git/gokart_inverter/inverterControl/inverterControl.sdk/Generic_XADC/Debug/Generic_XADC.elf' is downloaded to processor 'ps7_cortexa9_0'.
11:44:07 INFO  : 'configparams force-mem-access 0' command is executed.
11:44:07 INFO  : ----------------XSDB Script----------------
connect -url tcp:127.0.0.1:3121
source /home/jonas/Documents/SDU/Master/Semester1/Project/software/git/gokart_inverter/inverterControl/inverterControl.sdk/block_adc_wrapper_hw_platform_0/ps7_init.tcl
targets -set -nocase -filter {name =~"APU*" && jtag_cable_name =~ "Digilent Zybo 210279771718A"} -index 0
loadhw -hw /home/jonas/Documents/SDU/Master/Semester1/Project/software/git/gokart_inverter/inverterControl/inverterControl.sdk/block_adc_wrapper_hw_platform_0/system.hdf -mem-ranges [list {0x40000000 0xbfffffff}]
configparams force-mem-access 1
targets -set -nocase -filter {name =~"APU*" && jtag_cable_name =~ "Digilent Zybo 210279771718A"} -index 0
stop
ps7_init
ps7_post_config
targets -set -nocase -filter {name =~ "ARM*#0" && jtag_cable_name =~ "Digilent Zybo 210279771718A"} -index 0
rst -processor
targets -set -nocase -filter {name =~ "ARM*#0" && jtag_cable_name =~ "Digilent Zybo 210279771718A"} -index 0
dow /home/jonas/Documents/SDU/Master/Semester1/Project/software/git/gokart_inverter/inverterControl/inverterControl.sdk/Generic_XADC/Debug/Generic_XADC.elf
configparams force-mem-access 0
----------------End of Script----------------

11:44:07 INFO  : Context for processor 'ps7_cortexa9_0' is selected.
11:44:07 INFO  : 'con' command is executed.
11:44:07 INFO  : ----------------XSDB Script (After Launch)----------------
targets -set -nocase -filter {name =~ "ARM*#0" && jtag_cable_name =~ "Digilent Zybo 210279771718A"} -index 0
con
----------------End of Script----------------

11:44:07 INFO  : Disconnected from the channel tcfchan#4.
11:44:18 INFO  : 'targets -set -filter {jtag_cable_name =~ "Digilent Zybo 210279771718A" && level==0} -index 1' command is executed.
11:44:18 INFO  : 'fpga -state' command is executed.
11:44:18 INFO  : Connected to target on host '127.0.0.1' and port '3121'.
11:44:18 INFO  : Jtag cable 'Digilent Zybo 210279771718A' is selected.
11:44:18 INFO  : 'jtag frequency' command is executed.
11:44:18 INFO  : Sourcing of '/home/jonas/Documents/SDU/Master/Semester1/Project/software/git/gokart_inverter/inverterControl/inverterControl.sdk/block_adc_wrapper_hw_platform_0/ps7_init.tcl' is done.
11:44:18 INFO  : Context for 'APU' is selected.
11:44:20 INFO  : Hardware design information is loaded from '/home/jonas/Documents/SDU/Master/Semester1/Project/software/git/gokart_inverter/inverterControl/inverterControl.sdk/block_adc_wrapper_hw_platform_0/system.hdf'.
11:44:20 INFO  : 'configparams force-mem-access 1' command is executed.
11:44:20 INFO  : Context for 'APU' is selected.
11:44:20 INFO  : 'stop' command is executed.
11:44:20 INFO  : 'ps7_init' command is executed.
11:44:20 INFO  : 'ps7_post_config' command is executed.
11:44:20 INFO  : Context for processor 'ps7_cortexa9_0' is selected.
11:44:20 INFO  : Processor reset is completed for 'ps7_cortexa9_0'.
11:44:20 INFO  : Context for processor 'ps7_cortexa9_0' is selected.
11:44:20 INFO  : The application '/home/jonas/Documents/SDU/Master/Semester1/Project/software/git/gokart_inverter/inverterControl/inverterControl.sdk/Generic_XADC/Debug/Generic_XADC.elf' is downloaded to processor 'ps7_cortexa9_0'.
11:44:20 INFO  : 'configparams force-mem-access 0' command is executed.
11:44:20 INFO  : ----------------XSDB Script----------------
connect -url tcp:127.0.0.1:3121
source /home/jonas/Documents/SDU/Master/Semester1/Project/software/git/gokart_inverter/inverterControl/inverterControl.sdk/block_adc_wrapper_hw_platform_0/ps7_init.tcl
targets -set -nocase -filter {name =~"APU*" && jtag_cable_name =~ "Digilent Zybo 210279771718A"} -index 0
loadhw -hw /home/jonas/Documents/SDU/Master/Semester1/Project/software/git/gokart_inverter/inverterControl/inverterControl.sdk/block_adc_wrapper_hw_platform_0/system.hdf -mem-ranges [list {0x40000000 0xbfffffff}]
configparams force-mem-access 1
targets -set -nocase -filter {name =~"APU*" && jtag_cable_name =~ "Digilent Zybo 210279771718A"} -index 0
stop
ps7_init
ps7_post_config
targets -set -nocase -filter {name =~ "ARM*#0" && jtag_cable_name =~ "Digilent Zybo 210279771718A"} -index 0
rst -processor
targets -set -nocase -filter {name =~ "ARM*#0" && jtag_cable_name =~ "Digilent Zybo 210279771718A"} -index 0
dow /home/jonas/Documents/SDU/Master/Semester1/Project/software/git/gokart_inverter/inverterControl/inverterControl.sdk/Generic_XADC/Debug/Generic_XADC.elf
configparams force-mem-access 0
----------------End of Script----------------

11:44:21 INFO  : Context for processor 'ps7_cortexa9_0' is selected.
11:44:21 INFO  : 'con' command is executed.
11:44:21 INFO  : ----------------XSDB Script (After Launch)----------------
targets -set -nocase -filter {name =~ "ARM*#0" && jtag_cable_name =~ "Digilent Zybo 210279771718A"} -index 0
con
----------------End of Script----------------

11:44:21 INFO  : Disconnected from the channel tcfchan#5.
11:44:32 INFO  : 'targets -set -filter {jtag_cable_name =~ "Digilent Zybo 210279771718A" && level==0} -index 1' command is executed.
11:44:32 INFO  : 'fpga -state' command is executed.
11:44:32 INFO  : Connected to target on host '127.0.0.1' and port '3121'.
11:44:32 INFO  : Jtag cable 'Digilent Zybo 210279771718A' is selected.
11:44:32 INFO  : 'jtag frequency' command is executed.
11:44:32 INFO  : Sourcing of '/home/jonas/Documents/SDU/Master/Semester1/Project/software/git/gokart_inverter/inverterControl/inverterControl.sdk/block_adc_wrapper_hw_platform_0/ps7_init.tcl' is done.
11:44:32 INFO  : Context for 'APU' is selected.
11:44:35 INFO  : Hardware design information is loaded from '/home/jonas/Documents/SDU/Master/Semester1/Project/software/git/gokart_inverter/inverterControl/inverterControl.sdk/block_adc_wrapper_hw_platform_0/system.hdf'.
11:44:35 INFO  : 'configparams force-mem-access 1' command is executed.
11:44:35 INFO  : Context for 'APU' is selected.
11:44:35 INFO  : 'stop' command is executed.
11:44:35 INFO  : 'ps7_init' command is executed.
11:44:35 INFO  : 'ps7_post_config' command is executed.
11:44:35 INFO  : Context for processor 'ps7_cortexa9_0' is selected.
11:44:35 INFO  : Processor reset is completed for 'ps7_cortexa9_0'.
11:44:35 INFO  : Context for processor 'ps7_cortexa9_0' is selected.
11:44:35 INFO  : The application '/home/jonas/Documents/SDU/Master/Semester1/Project/software/git/gokart_inverter/inverterControl/inverterControl.sdk/Generic_XADC/Debug/Generic_XADC.elf' is downloaded to processor 'ps7_cortexa9_0'.
11:44:35 INFO  : 'configparams force-mem-access 0' command is executed.
11:44:35 INFO  : ----------------XSDB Script----------------
connect -url tcp:127.0.0.1:3121
source /home/jonas/Documents/SDU/Master/Semester1/Project/software/git/gokart_inverter/inverterControl/inverterControl.sdk/block_adc_wrapper_hw_platform_0/ps7_init.tcl
targets -set -nocase -filter {name =~"APU*" && jtag_cable_name =~ "Digilent Zybo 210279771718A"} -index 0
loadhw -hw /home/jonas/Documents/SDU/Master/Semester1/Project/software/git/gokart_inverter/inverterControl/inverterControl.sdk/block_adc_wrapper_hw_platform_0/system.hdf -mem-ranges [list {0x40000000 0xbfffffff}]
configparams force-mem-access 1
targets -set -nocase -filter {name =~"APU*" && jtag_cable_name =~ "Digilent Zybo 210279771718A"} -index 0
stop
ps7_init
ps7_post_config
targets -set -nocase -filter {name =~ "ARM*#0" && jtag_cable_name =~ "Digilent Zybo 210279771718A"} -index 0
rst -processor
targets -set -nocase -filter {name =~ "ARM*#0" && jtag_cable_name =~ "Digilent Zybo 210279771718A"} -index 0
dow /home/jonas/Documents/SDU/Master/Semester1/Project/software/git/gokart_inverter/inverterControl/inverterControl.sdk/Generic_XADC/Debug/Generic_XADC.elf
configparams force-mem-access 0
----------------End of Script----------------

11:44:35 INFO  : Context for processor 'ps7_cortexa9_0' is selected.
11:44:35 INFO  : 'con' command is executed.
11:44:35 INFO  : ----------------XSDB Script (After Launch)----------------
targets -set -nocase -filter {name =~ "ARM*#0" && jtag_cable_name =~ "Digilent Zybo 210279771718A"} -index 0
con
----------------End of Script----------------

11:44:35 INFO  : Disconnected from the channel tcfchan#6.
11:52:21 INFO  : 'targets -set -filter {jtag_cable_name =~ "Digilent Zybo 210279771718A" && level==0} -index 1' command is executed.
11:52:21 INFO  : 'fpga -state' command is executed.
11:52:21 INFO  : Connected to target on host '127.0.0.1' and port '3121'.
11:52:22 INFO  : Jtag cable 'Digilent Zybo 210279771718A' is selected.
11:52:22 INFO  : 'jtag frequency' command is executed.
11:52:22 INFO  : Sourcing of '/home/jonas/Documents/SDU/Master/Semester1/Project/software/git/gokart_inverter/inverterControl/inverterControl.sdk/block_adc_wrapper_hw_platform_0/ps7_init.tcl' is done.
11:52:22 INFO  : Context for 'APU' is selected.
11:52:24 INFO  : Hardware design information is loaded from '/home/jonas/Documents/SDU/Master/Semester1/Project/software/git/gokart_inverter/inverterControl/inverterControl.sdk/block_adc_wrapper_hw_platform_0/system.hdf'.
11:52:24 INFO  : 'configparams force-mem-access 1' command is executed.
11:52:24 INFO  : Context for 'APU' is selected.
11:52:24 INFO  : 'stop' command is executed.
11:52:25 INFO  : 'ps7_init' command is executed.
11:52:25 INFO  : 'ps7_post_config' command is executed.
11:52:25 INFO  : Context for processor 'ps7_cortexa9_0' is selected.
11:52:25 INFO  : Processor reset is completed for 'ps7_cortexa9_0'.
11:52:25 INFO  : Context for processor 'ps7_cortexa9_0' is selected.
11:52:25 INFO  : The application '/home/jonas/Documents/SDU/Master/Semester1/Project/software/git/gokart_inverter/inverterControl/inverterControl.sdk/Generic_XADC/Debug/Generic_XADC.elf' is downloaded to processor 'ps7_cortexa9_0'.
11:52:25 INFO  : 'configparams force-mem-access 0' command is executed.
11:52:25 INFO  : ----------------XSDB Script----------------
connect -url tcp:127.0.0.1:3121
source /home/jonas/Documents/SDU/Master/Semester1/Project/software/git/gokart_inverter/inverterControl/inverterControl.sdk/block_adc_wrapper_hw_platform_0/ps7_init.tcl
targets -set -nocase -filter {name =~"APU*" && jtag_cable_name =~ "Digilent Zybo 210279771718A"} -index 0
loadhw -hw /home/jonas/Documents/SDU/Master/Semester1/Project/software/git/gokart_inverter/inverterControl/inverterControl.sdk/block_adc_wrapper_hw_platform_0/system.hdf -mem-ranges [list {0x40000000 0xbfffffff}]
configparams force-mem-access 1
targets -set -nocase -filter {name =~"APU*" && jtag_cable_name =~ "Digilent Zybo 210279771718A"} -index 0
stop
ps7_init
ps7_post_config
targets -set -nocase -filter {name =~ "ARM*#0" && jtag_cable_name =~ "Digilent Zybo 210279771718A"} -index 0
rst -processor
targets -set -nocase -filter {name =~ "ARM*#0" && jtag_cable_name =~ "Digilent Zybo 210279771718A"} -index 0
dow /home/jonas/Documents/SDU/Master/Semester1/Project/software/git/gokart_inverter/inverterControl/inverterControl.sdk/Generic_XADC/Debug/Generic_XADC.elf
configparams force-mem-access 0
----------------End of Script----------------

11:52:25 INFO  : Context for processor 'ps7_cortexa9_0' is selected.
11:52:25 INFO  : 'con' command is executed.
11:52:25 INFO  : ----------------XSDB Script (After Launch)----------------
targets -set -nocase -filter {name =~ "ARM*#0" && jtag_cable_name =~ "Digilent Zybo 210279771718A"} -index 0
con
----------------End of Script----------------

11:52:25 INFO  : Disconnected from the channel tcfchan#7.
12:02:26 INFO  : 'targets -set -filter {jtag_cable_name =~ "Digilent Zybo 210279771718A" && level==0} -index 1' command is executed.
12:02:26 INFO  : 'fpga -state' command is executed.
12:03:31 INFO  : 'targets -set -filter {jtag_cable_name =~ "Digilent Zybo 210279771718A" && level==0} -index 1' command is executed.
12:03:31 INFO  : 'fpga -state' command is executed.
12:03:31 INFO  : Connected to target on host '127.0.0.1' and port '3121'.
12:03:31 INFO  : Jtag cable 'Digilent Zybo 210279771718A' is selected.
12:03:31 INFO  : 'jtag frequency' command is executed.
12:03:31 INFO  : Sourcing of '/home/jonas/Documents/SDU/Master/Semester1/Project/software/git/gokart_inverter/inverterControl/inverterControl.sdk/block_adc_wrapper_hw_platform_0/ps7_init.tcl' is done.
12:03:31 INFO  : Context for 'APU' is selected.
12:03:33 INFO  : Hardware design information is loaded from '/home/jonas/Documents/SDU/Master/Semester1/Project/software/git/gokart_inverter/inverterControl/inverterControl.sdk/block_adc_wrapper_hw_platform_0/system.hdf'.
12:03:33 INFO  : 'configparams force-mem-access 1' command is executed.
12:03:33 INFO  : Context for 'APU' is selected.
12:03:33 INFO  : 'stop' command is executed.
12:03:34 INFO  : 'ps7_init' command is executed.
12:03:34 INFO  : 'ps7_post_config' command is executed.
12:03:34 INFO  : Context for processor 'ps7_cortexa9_0' is selected.
12:03:34 INFO  : Processor reset is completed for 'ps7_cortexa9_0'.
12:03:34 INFO  : Context for processor 'ps7_cortexa9_0' is selected.
12:03:34 INFO  : The application '/home/jonas/Documents/SDU/Master/Semester1/Project/software/git/gokart_inverter/inverterControl/inverterControl.sdk/Generic_XADC/Debug/Generic_XADC.elf' is downloaded to processor 'ps7_cortexa9_0'.
12:03:34 INFO  : 'configparams force-mem-access 0' command is executed.
12:03:34 INFO  : ----------------XSDB Script----------------
connect -url tcp:127.0.0.1:3121
source /home/jonas/Documents/SDU/Master/Semester1/Project/software/git/gokart_inverter/inverterControl/inverterControl.sdk/block_adc_wrapper_hw_platform_0/ps7_init.tcl
targets -set -nocase -filter {name =~"APU*" && jtag_cable_name =~ "Digilent Zybo 210279771718A"} -index 0
loadhw -hw /home/jonas/Documents/SDU/Master/Semester1/Project/software/git/gokart_inverter/inverterControl/inverterControl.sdk/block_adc_wrapper_hw_platform_0/system.hdf -mem-ranges [list {0x40000000 0xbfffffff}]
configparams force-mem-access 1
targets -set -nocase -filter {name =~"APU*" && jtag_cable_name =~ "Digilent Zybo 210279771718A"} -index 0
stop
ps7_init
ps7_post_config
targets -set -nocase -filter {name =~ "ARM*#0" && jtag_cable_name =~ "Digilent Zybo 210279771718A"} -index 0
rst -processor
targets -set -nocase -filter {name =~ "ARM*#0" && jtag_cable_name =~ "Digilent Zybo 210279771718A"} -index 0
dow /home/jonas/Documents/SDU/Master/Semester1/Project/software/git/gokart_inverter/inverterControl/inverterControl.sdk/Generic_XADC/Debug/Generic_XADC.elf
configparams force-mem-access 0
----------------End of Script----------------

12:03:34 INFO  : Context for processor 'ps7_cortexa9_0' is selected.
12:03:34 INFO  : 'con' command is executed.
12:03:34 INFO  : ----------------XSDB Script (After Launch)----------------
targets -set -nocase -filter {name =~ "ARM*#0" && jtag_cable_name =~ "Digilent Zybo 210279771718A"} -index 0
con
----------------End of Script----------------

12:03:34 INFO  : Disconnected from the channel tcfchan#8.
12:04:30 INFO  : 'targets -set -filter {jtag_cable_name =~ "Digilent Zybo 210279771718A" && level==0} -index 1' command is executed.
12:04:30 INFO  : 'fpga -state' command is executed.
12:04:30 INFO  : Connected to target on host '127.0.0.1' and port '3121'.
12:04:30 INFO  : Jtag cable 'Digilent Zybo 210279771718A' is selected.
12:04:30 INFO  : 'jtag frequency' command is executed.
12:04:30 INFO  : Sourcing of '/home/jonas/Documents/SDU/Master/Semester1/Project/software/git/gokart_inverter/inverterControl/inverterControl.sdk/block_adc_wrapper_hw_platform_0/ps7_init.tcl' is done.
12:04:30 INFO  : Context for 'APU' is selected.
12:04:32 INFO  : Hardware design information is loaded from '/home/jonas/Documents/SDU/Master/Semester1/Project/software/git/gokart_inverter/inverterControl/inverterControl.sdk/block_adc_wrapper_hw_platform_0/system.hdf'.
12:04:32 INFO  : 'configparams force-mem-access 1' command is executed.
12:04:32 INFO  : Context for 'APU' is selected.
12:04:32 INFO  : 'stop' command is executed.
12:04:32 INFO  : 'ps7_init' command is executed.
12:04:32 INFO  : 'ps7_post_config' command is executed.
12:04:32 INFO  : Context for processor 'ps7_cortexa9_0' is selected.
12:04:33 INFO  : Processor reset is completed for 'ps7_cortexa9_0'.
12:04:33 INFO  : Context for processor 'ps7_cortexa9_0' is selected.
12:04:33 INFO  : The application '/home/jonas/Documents/SDU/Master/Semester1/Project/software/git/gokart_inverter/inverterControl/inverterControl.sdk/Generic_XADC/Debug/Generic_XADC.elf' is downloaded to processor 'ps7_cortexa9_0'.
12:04:33 INFO  : 'configparams force-mem-access 0' command is executed.
12:04:33 INFO  : ----------------XSDB Script----------------
connect -url tcp:127.0.0.1:3121
source /home/jonas/Documents/SDU/Master/Semester1/Project/software/git/gokart_inverter/inverterControl/inverterControl.sdk/block_adc_wrapper_hw_platform_0/ps7_init.tcl
targets -set -nocase -filter {name =~"APU*" && jtag_cable_name =~ "Digilent Zybo 210279771718A"} -index 0
loadhw -hw /home/jonas/Documents/SDU/Master/Semester1/Project/software/git/gokart_inverter/inverterControl/inverterControl.sdk/block_adc_wrapper_hw_platform_0/system.hdf -mem-ranges [list {0x40000000 0xbfffffff}]
configparams force-mem-access 1
targets -set -nocase -filter {name =~"APU*" && jtag_cable_name =~ "Digilent Zybo 210279771718A"} -index 0
stop
ps7_init
ps7_post_config
targets -set -nocase -filter {name =~ "ARM*#0" && jtag_cable_name =~ "Digilent Zybo 210279771718A"} -index 0
rst -processor
targets -set -nocase -filter {name =~ "ARM*#0" && jtag_cable_name =~ "Digilent Zybo 210279771718A"} -index 0
dow /home/jonas/Documents/SDU/Master/Semester1/Project/software/git/gokart_inverter/inverterControl/inverterControl.sdk/Generic_XADC/Debug/Generic_XADC.elf
configparams force-mem-access 0
----------------End of Script----------------

12:04:33 INFO  : Context for processor 'ps7_cortexa9_0' is selected.
12:04:33 INFO  : 'con' command is executed.
12:04:33 INFO  : ----------------XSDB Script (After Launch)----------------
targets -set -nocase -filter {name =~ "ARM*#0" && jtag_cable_name =~ "Digilent Zybo 210279771718A"} -index 0
con
----------------End of Script----------------

12:04:33 INFO  : Disconnected from the channel tcfchan#9.
12:05:20 INFO  : 'targets -set -filter {jtag_cable_name =~ "Digilent Zybo 210279771718A" && level==0} -index 1' command is executed.
12:05:20 INFO  : 'fpga -state' command is executed.
12:05:20 INFO  : Connected to target on host '127.0.0.1' and port '3121'.
12:05:20 INFO  : Jtag cable 'Digilent Zybo 210279771718A' is selected.
12:05:20 INFO  : 'jtag frequency' command is executed.
12:05:20 INFO  : Sourcing of '/home/jonas/Documents/SDU/Master/Semester1/Project/software/git/gokart_inverter/inverterControl/inverterControl.sdk/block_adc_wrapper_hw_platform_0/ps7_init.tcl' is done.
12:05:20 INFO  : Context for 'APU' is selected.
12:05:22 INFO  : Hardware design information is loaded from '/home/jonas/Documents/SDU/Master/Semester1/Project/software/git/gokart_inverter/inverterControl/inverterControl.sdk/block_adc_wrapper_hw_platform_0/system.hdf'.
12:05:22 INFO  : 'configparams force-mem-access 1' command is executed.
12:05:22 INFO  : Context for 'APU' is selected.
12:05:22 INFO  : 'stop' command is executed.
12:05:23 INFO  : 'ps7_init' command is executed.
12:05:23 INFO  : 'ps7_post_config' command is executed.
12:05:23 INFO  : Context for processor 'ps7_cortexa9_0' is selected.
12:05:23 INFO  : Processor reset is completed for 'ps7_cortexa9_0'.
12:05:23 INFO  : Context for processor 'ps7_cortexa9_0' is selected.
12:05:23 INFO  : The application '/home/jonas/Documents/SDU/Master/Semester1/Project/software/git/gokart_inverter/inverterControl/inverterControl.sdk/Generic_XADC/Debug/Generic_XADC.elf' is downloaded to processor 'ps7_cortexa9_0'.
12:05:23 INFO  : 'configparams force-mem-access 0' command is executed.
12:05:23 INFO  : ----------------XSDB Script----------------
connect -url tcp:127.0.0.1:3121
source /home/jonas/Documents/SDU/Master/Semester1/Project/software/git/gokart_inverter/inverterControl/inverterControl.sdk/block_adc_wrapper_hw_platform_0/ps7_init.tcl
targets -set -nocase -filter {name =~"APU*" && jtag_cable_name =~ "Digilent Zybo 210279771718A"} -index 0
loadhw -hw /home/jonas/Documents/SDU/Master/Semester1/Project/software/git/gokart_inverter/inverterControl/inverterControl.sdk/block_adc_wrapper_hw_platform_0/system.hdf -mem-ranges [list {0x40000000 0xbfffffff}]
configparams force-mem-access 1
targets -set -nocase -filter {name =~"APU*" && jtag_cable_name =~ "Digilent Zybo 210279771718A"} -index 0
stop
ps7_init
ps7_post_config
targets -set -nocase -filter {name =~ "ARM*#0" && jtag_cable_name =~ "Digilent Zybo 210279771718A"} -index 0
rst -processor
targets -set -nocase -filter {name =~ "ARM*#0" && jtag_cable_name =~ "Digilent Zybo 210279771718A"} -index 0
dow /home/jonas/Documents/SDU/Master/Semester1/Project/software/git/gokart_inverter/inverterControl/inverterControl.sdk/Generic_XADC/Debug/Generic_XADC.elf
configparams force-mem-access 0
----------------End of Script----------------

12:05:23 INFO  : Context for processor 'ps7_cortexa9_0' is selected.
12:05:23 INFO  : 'con' command is executed.
12:05:23 INFO  : ----------------XSDB Script (After Launch)----------------
targets -set -nocase -filter {name =~ "ARM*#0" && jtag_cable_name =~ "Digilent Zybo 210279771718A"} -index 0
con
----------------End of Script----------------

12:05:23 INFO  : Disconnected from the channel tcfchan#10.
12:09:11 INFO  : 'targets -set -filter {jtag_cable_name =~ "Digilent Zybo 210279771718A" && level==0} -index 1' command is executed.
12:09:11 INFO  : 'fpga -state' command is executed.
12:09:11 INFO  : Connected to target on host '127.0.0.1' and port '3121'.
12:09:11 INFO  : Jtag cable 'Digilent Zybo 210279771718A' is selected.
12:09:11 INFO  : 'jtag frequency' command is executed.
12:09:11 INFO  : Sourcing of '/home/jonas/Documents/SDU/Master/Semester1/Project/software/git/gokart_inverter/inverterControl/inverterControl.sdk/block_adc_wrapper_hw_platform_0/ps7_init.tcl' is done.
12:09:11 INFO  : Context for 'APU' is selected.
12:09:13 INFO  : Hardware design information is loaded from '/home/jonas/Documents/SDU/Master/Semester1/Project/software/git/gokart_inverter/inverterControl/inverterControl.sdk/block_adc_wrapper_hw_platform_0/system.hdf'.
12:09:13 INFO  : 'configparams force-mem-access 1' command is executed.
12:09:13 INFO  : Context for 'APU' is selected.
12:09:13 INFO  : 'stop' command is executed.
12:09:14 INFO  : 'ps7_init' command is executed.
12:09:14 INFO  : 'ps7_post_config' command is executed.
12:09:14 INFO  : Context for processor 'ps7_cortexa9_0' is selected.
12:09:14 INFO  : Processor reset is completed for 'ps7_cortexa9_0'.
12:09:14 INFO  : Context for processor 'ps7_cortexa9_0' is selected.
12:09:14 INFO  : The application '/home/jonas/Documents/SDU/Master/Semester1/Project/software/git/gokart_inverter/inverterControl/inverterControl.sdk/Generic_XADC/Debug/Generic_XADC.elf' is downloaded to processor 'ps7_cortexa9_0'.
12:09:14 INFO  : 'configparams force-mem-access 0' command is executed.
12:09:14 INFO  : ----------------XSDB Script----------------
connect -url tcp:127.0.0.1:3121
source /home/jonas/Documents/SDU/Master/Semester1/Project/software/git/gokart_inverter/inverterControl/inverterControl.sdk/block_adc_wrapper_hw_platform_0/ps7_init.tcl
targets -set -nocase -filter {name =~"APU*" && jtag_cable_name =~ "Digilent Zybo 210279771718A"} -index 0
loadhw -hw /home/jonas/Documents/SDU/Master/Semester1/Project/software/git/gokart_inverter/inverterControl/inverterControl.sdk/block_adc_wrapper_hw_platform_0/system.hdf -mem-ranges [list {0x40000000 0xbfffffff}]
configparams force-mem-access 1
targets -set -nocase -filter {name =~"APU*" && jtag_cable_name =~ "Digilent Zybo 210279771718A"} -index 0
stop
ps7_init
ps7_post_config
targets -set -nocase -filter {name =~ "ARM*#0" && jtag_cable_name =~ "Digilent Zybo 210279771718A"} -index 0
rst -processor
targets -set -nocase -filter {name =~ "ARM*#0" && jtag_cable_name =~ "Digilent Zybo 210279771718A"} -index 0
dow /home/jonas/Documents/SDU/Master/Semester1/Project/software/git/gokart_inverter/inverterControl/inverterControl.sdk/Generic_XADC/Debug/Generic_XADC.elf
configparams force-mem-access 0
----------------End of Script----------------

12:09:14 INFO  : Context for processor 'ps7_cortexa9_0' is selected.
12:09:14 INFO  : 'con' command is executed.
12:09:14 INFO  : ----------------XSDB Script (After Launch)----------------
targets -set -nocase -filter {name =~ "ARM*#0" && jtag_cable_name =~ "Digilent Zybo 210279771718A"} -index 0
con
----------------End of Script----------------

12:09:14 INFO  : Disconnected from the channel tcfchan#11.
12:09:36 INFO  : 'targets -set -filter {jtag_cable_name =~ "Digilent Zybo 210279771718A" && level==0} -index 1' command is executed.
12:09:36 INFO  : 'fpga -state' command is executed.
12:09:36 INFO  : Connected to target on host '127.0.0.1' and port '3121'.
12:09:36 INFO  : Jtag cable 'Digilent Zybo 210279771718A' is selected.
12:09:36 INFO  : 'jtag frequency' command is executed.
12:09:36 INFO  : Sourcing of '/home/jonas/Documents/SDU/Master/Semester1/Project/software/git/gokart_inverter/inverterControl/inverterControl.sdk/block_adc_wrapper_hw_platform_0/ps7_init.tcl' is done.
12:09:37 INFO  : Context for 'APU' is selected.
12:09:39 INFO  : Hardware design information is loaded from '/home/jonas/Documents/SDU/Master/Semester1/Project/software/git/gokart_inverter/inverterControl/inverterControl.sdk/block_adc_wrapper_hw_platform_0/system.hdf'.
12:09:39 INFO  : 'configparams force-mem-access 1' command is executed.
12:09:39 INFO  : Context for 'APU' is selected.
12:09:39 INFO  : 'stop' command is executed.
12:09:39 INFO  : 'ps7_init' command is executed.
12:09:39 INFO  : 'ps7_post_config' command is executed.
12:09:39 INFO  : Context for processor 'ps7_cortexa9_0' is selected.
12:09:39 INFO  : Processor reset is completed for 'ps7_cortexa9_0'.
12:09:40 INFO  : Context for processor 'ps7_cortexa9_0' is selected.
12:09:40 INFO  : The application '/home/jonas/Documents/SDU/Master/Semester1/Project/software/git/gokart_inverter/inverterControl/inverterControl.sdk/Generic_XADC/Debug/Generic_XADC.elf' is downloaded to processor 'ps7_cortexa9_0'.
12:09:40 INFO  : 'configparams force-mem-access 0' command is executed.
12:09:40 INFO  : ----------------XSDB Script----------------
connect -url tcp:127.0.0.1:3121
source /home/jonas/Documents/SDU/Master/Semester1/Project/software/git/gokart_inverter/inverterControl/inverterControl.sdk/block_adc_wrapper_hw_platform_0/ps7_init.tcl
targets -set -nocase -filter {name =~"APU*" && jtag_cable_name =~ "Digilent Zybo 210279771718A"} -index 0
loadhw -hw /home/jonas/Documents/SDU/Master/Semester1/Project/software/git/gokart_inverter/inverterControl/inverterControl.sdk/block_adc_wrapper_hw_platform_0/system.hdf -mem-ranges [list {0x40000000 0xbfffffff}]
configparams force-mem-access 1
targets -set -nocase -filter {name =~"APU*" && jtag_cable_name =~ "Digilent Zybo 210279771718A"} -index 0
stop
ps7_init
ps7_post_config
targets -set -nocase -filter {name =~ "ARM*#0" && jtag_cable_name =~ "Digilent Zybo 210279771718A"} -index 0
rst -processor
targets -set -nocase -filter {name =~ "ARM*#0" && jtag_cable_name =~ "Digilent Zybo 210279771718A"} -index 0
dow /home/jonas/Documents/SDU/Master/Semester1/Project/software/git/gokart_inverter/inverterControl/inverterControl.sdk/Generic_XADC/Debug/Generic_XADC.elf
configparams force-mem-access 0
----------------End of Script----------------

12:09:40 INFO  : Context for processor 'ps7_cortexa9_0' is selected.
12:09:40 INFO  : 'con' command is executed.
12:09:40 INFO  : ----------------XSDB Script (After Launch)----------------
targets -set -nocase -filter {name =~ "ARM*#0" && jtag_cable_name =~ "Digilent Zybo 210279771718A"} -index 0
con
----------------End of Script----------------

12:09:40 INFO  : Disconnected from the channel tcfchan#12.
12:12:00 INFO  : 'targets -set -filter {jtag_cable_name =~ "Digilent Zybo 210279771718A" && level==0} -index 1' command is executed.
12:12:00 INFO  : 'fpga -state' command is executed.
12:12:00 INFO  : Connected to target on host '127.0.0.1' and port '3121'.
12:12:00 INFO  : Jtag cable 'Digilent Zybo 210279771718A' is selected.
12:12:00 INFO  : 'jtag frequency' command is executed.
12:12:00 INFO  : Sourcing of '/home/jonas/Documents/SDU/Master/Semester1/Project/software/git/gokart_inverter/inverterControl/inverterControl.sdk/block_adc_wrapper_hw_platform_0/ps7_init.tcl' is done.
12:12:00 INFO  : Context for 'APU' is selected.
12:12:03 INFO  : Hardware design information is loaded from '/home/jonas/Documents/SDU/Master/Semester1/Project/software/git/gokart_inverter/inverterControl/inverterControl.sdk/block_adc_wrapper_hw_platform_0/system.hdf'.
12:12:03 INFO  : 'configparams force-mem-access 1' command is executed.
12:12:03 INFO  : Context for 'APU' is selected.
12:12:03 INFO  : 'stop' command is executed.
12:12:03 INFO  : 'ps7_init' command is executed.
12:12:03 INFO  : 'ps7_post_config' command is executed.
12:12:03 INFO  : Context for processor 'ps7_cortexa9_0' is selected.
12:12:03 INFO  : Processor reset is completed for 'ps7_cortexa9_0'.
12:12:03 INFO  : Context for processor 'ps7_cortexa9_0' is selected.
12:12:04 INFO  : The application '/home/jonas/Documents/SDU/Master/Semester1/Project/software/git/gokart_inverter/inverterControl/inverterControl.sdk/Generic_XADC/Debug/Generic_XADC.elf' is downloaded to processor 'ps7_cortexa9_0'.
12:12:04 INFO  : 'configparams force-mem-access 0' command is executed.
12:12:04 INFO  : ----------------XSDB Script----------------
connect -url tcp:127.0.0.1:3121
source /home/jonas/Documents/SDU/Master/Semester1/Project/software/git/gokart_inverter/inverterControl/inverterControl.sdk/block_adc_wrapper_hw_platform_0/ps7_init.tcl
targets -set -nocase -filter {name =~"APU*" && jtag_cable_name =~ "Digilent Zybo 210279771718A"} -index 0
loadhw -hw /home/jonas/Documents/SDU/Master/Semester1/Project/software/git/gokart_inverter/inverterControl/inverterControl.sdk/block_adc_wrapper_hw_platform_0/system.hdf -mem-ranges [list {0x40000000 0xbfffffff}]
configparams force-mem-access 1
targets -set -nocase -filter {name =~"APU*" && jtag_cable_name =~ "Digilent Zybo 210279771718A"} -index 0
stop
ps7_init
ps7_post_config
targets -set -nocase -filter {name =~ "ARM*#0" && jtag_cable_name =~ "Digilent Zybo 210279771718A"} -index 0
rst -processor
targets -set -nocase -filter {name =~ "ARM*#0" && jtag_cable_name =~ "Digilent Zybo 210279771718A"} -index 0
dow /home/jonas/Documents/SDU/Master/Semester1/Project/software/git/gokart_inverter/inverterControl/inverterControl.sdk/Generic_XADC/Debug/Generic_XADC.elf
configparams force-mem-access 0
----------------End of Script----------------

12:12:04 INFO  : Context for processor 'ps7_cortexa9_0' is selected.
12:12:04 INFO  : 'con' command is executed.
12:12:04 INFO  : ----------------XSDB Script (After Launch)----------------
targets -set -nocase -filter {name =~ "ARM*#0" && jtag_cable_name =~ "Digilent Zybo 210279771718A"} -index 0
con
----------------End of Script----------------

12:12:04 INFO  : Disconnected from the channel tcfchan#13.
12:12:48 INFO  : 'targets -set -filter {jtag_cable_name =~ "Digilent Zybo 210279771718A" && level==0} -index 1' command is executed.
12:12:48 INFO  : 'fpga -state' command is executed.
12:12:48 INFO  : Connected to target on host '127.0.0.1' and port '3121'.
12:12:48 INFO  : Jtag cable 'Digilent Zybo 210279771718A' is selected.
12:12:48 INFO  : 'jtag frequency' command is executed.
12:12:48 INFO  : Sourcing of '/home/jonas/Documents/SDU/Master/Semester1/Project/software/git/gokart_inverter/inverterControl/inverterControl.sdk/block_adc_wrapper_hw_platform_0/ps7_init.tcl' is done.
12:12:48 INFO  : Context for 'APU' is selected.
12:12:50 INFO  : Hardware design information is loaded from '/home/jonas/Documents/SDU/Master/Semester1/Project/software/git/gokart_inverter/inverterControl/inverterControl.sdk/block_adc_wrapper_hw_platform_0/system.hdf'.
12:12:50 INFO  : 'configparams force-mem-access 1' command is executed.
12:12:50 INFO  : Context for 'APU' is selected.
12:12:50 INFO  : 'stop' command is executed.
12:12:51 INFO  : 'ps7_init' command is executed.
12:12:51 INFO  : 'ps7_post_config' command is executed.
12:12:51 INFO  : Context for processor 'ps7_cortexa9_0' is selected.
12:12:51 INFO  : Processor reset is completed for 'ps7_cortexa9_0'.
12:12:51 INFO  : Context for processor 'ps7_cortexa9_0' is selected.
12:12:51 INFO  : The application '/home/jonas/Documents/SDU/Master/Semester1/Project/software/git/gokart_inverter/inverterControl/inverterControl.sdk/Generic_XADC/Debug/Generic_XADC.elf' is downloaded to processor 'ps7_cortexa9_0'.
12:12:51 INFO  : 'configparams force-mem-access 0' command is executed.
12:12:51 INFO  : ----------------XSDB Script----------------
connect -url tcp:127.0.0.1:3121
source /home/jonas/Documents/SDU/Master/Semester1/Project/software/git/gokart_inverter/inverterControl/inverterControl.sdk/block_adc_wrapper_hw_platform_0/ps7_init.tcl
targets -set -nocase -filter {name =~"APU*" && jtag_cable_name =~ "Digilent Zybo 210279771718A"} -index 0
loadhw -hw /home/jonas/Documents/SDU/Master/Semester1/Project/software/git/gokart_inverter/inverterControl/inverterControl.sdk/block_adc_wrapper_hw_platform_0/system.hdf -mem-ranges [list {0x40000000 0xbfffffff}]
configparams force-mem-access 1
targets -set -nocase -filter {name =~"APU*" && jtag_cable_name =~ "Digilent Zybo 210279771718A"} -index 0
stop
ps7_init
ps7_post_config
targets -set -nocase -filter {name =~ "ARM*#0" && jtag_cable_name =~ "Digilent Zybo 210279771718A"} -index 0
rst -processor
targets -set -nocase -filter {name =~ "ARM*#0" && jtag_cable_name =~ "Digilent Zybo 210279771718A"} -index 0
dow /home/jonas/Documents/SDU/Master/Semester1/Project/software/git/gokart_inverter/inverterControl/inverterControl.sdk/Generic_XADC/Debug/Generic_XADC.elf
configparams force-mem-access 0
----------------End of Script----------------

12:12:51 INFO  : Context for processor 'ps7_cortexa9_0' is selected.
12:12:51 INFO  : 'con' command is executed.
12:12:51 INFO  : ----------------XSDB Script (After Launch)----------------
targets -set -nocase -filter {name =~ "ARM*#0" && jtag_cable_name =~ "Digilent Zybo 210279771718A"} -index 0
con
----------------End of Script----------------

12:12:51 INFO  : Disconnected from the channel tcfchan#14.
12:13:24 INFO  : 'targets -set -filter {jtag_cable_name =~ "Digilent Zybo 210279771718A" && level==0} -index 1' command is executed.
12:13:24 INFO  : 'fpga -state' command is executed.
12:13:24 INFO  : Connected to target on host '127.0.0.1' and port '3121'.
12:13:24 INFO  : Jtag cable 'Digilent Zybo 210279771718A' is selected.
12:13:24 INFO  : 'jtag frequency' command is executed.
12:13:24 INFO  : Sourcing of '/home/jonas/Documents/SDU/Master/Semester1/Project/software/git/gokart_inverter/inverterControl/inverterControl.sdk/block_adc_wrapper_hw_platform_0/ps7_init.tcl' is done.
12:13:24 INFO  : Context for 'APU' is selected.
12:13:26 INFO  : Hardware design information is loaded from '/home/jonas/Documents/SDU/Master/Semester1/Project/software/git/gokart_inverter/inverterControl/inverterControl.sdk/block_adc_wrapper_hw_platform_0/system.hdf'.
12:13:26 INFO  : 'configparams force-mem-access 1' command is executed.
12:13:26 INFO  : Context for 'APU' is selected.
12:13:26 INFO  : 'stop' command is executed.
12:13:27 INFO  : 'ps7_init' command is executed.
12:13:27 INFO  : 'ps7_post_config' command is executed.
12:13:27 INFO  : Context for processor 'ps7_cortexa9_0' is selected.
12:13:27 INFO  : Processor reset is completed for 'ps7_cortexa9_0'.
12:13:27 INFO  : Context for processor 'ps7_cortexa9_0' is selected.
12:13:27 INFO  : The application '/home/jonas/Documents/SDU/Master/Semester1/Project/software/git/gokart_inverter/inverterControl/inverterControl.sdk/Generic_XADC/Debug/Generic_XADC.elf' is downloaded to processor 'ps7_cortexa9_0'.
12:13:27 INFO  : 'configparams force-mem-access 0' command is executed.
12:13:27 INFO  : ----------------XSDB Script----------------
connect -url tcp:127.0.0.1:3121
source /home/jonas/Documents/SDU/Master/Semester1/Project/software/git/gokart_inverter/inverterControl/inverterControl.sdk/block_adc_wrapper_hw_platform_0/ps7_init.tcl
targets -set -nocase -filter {name =~"APU*" && jtag_cable_name =~ "Digilent Zybo 210279771718A"} -index 0
loadhw -hw /home/jonas/Documents/SDU/Master/Semester1/Project/software/git/gokart_inverter/inverterControl/inverterControl.sdk/block_adc_wrapper_hw_platform_0/system.hdf -mem-ranges [list {0x40000000 0xbfffffff}]
configparams force-mem-access 1
targets -set -nocase -filter {name =~"APU*" && jtag_cable_name =~ "Digilent Zybo 210279771718A"} -index 0
stop
ps7_init
ps7_post_config
targets -set -nocase -filter {name =~ "ARM*#0" && jtag_cable_name =~ "Digilent Zybo 210279771718A"} -index 0
rst -processor
targets -set -nocase -filter {name =~ "ARM*#0" && jtag_cable_name =~ "Digilent Zybo 210279771718A"} -index 0
dow /home/jonas/Documents/SDU/Master/Semester1/Project/software/git/gokart_inverter/inverterControl/inverterControl.sdk/Generic_XADC/Debug/Generic_XADC.elf
configparams force-mem-access 0
----------------End of Script----------------

12:13:27 INFO  : Context for processor 'ps7_cortexa9_0' is selected.
12:13:27 INFO  : 'con' command is executed.
12:13:27 INFO  : ----------------XSDB Script (After Launch)----------------
targets -set -nocase -filter {name =~ "ARM*#0" && jtag_cable_name =~ "Digilent Zybo 210279771718A"} -index 0
con
----------------End of Script----------------

12:13:27 INFO  : Disconnected from the channel tcfchan#15.
12:14:15 INFO  : 'targets -set -filter {jtag_cable_name =~ "Digilent Zybo 210279771718A" && level==0} -index 1' command is executed.
12:14:15 INFO  : 'fpga -state' command is executed.
12:14:15 INFO  : Connected to target on host '127.0.0.1' and port '3121'.
12:14:15 INFO  : Jtag cable 'Digilent Zybo 210279771718A' is selected.
12:14:15 INFO  : 'jtag frequency' command is executed.
12:14:15 INFO  : Sourcing of '/home/jonas/Documents/SDU/Master/Semester1/Project/software/git/gokart_inverter/inverterControl/inverterControl.sdk/block_adc_wrapper_hw_platform_0/ps7_init.tcl' is done.
12:14:15 INFO  : Context for 'APU' is selected.
12:14:17 INFO  : Hardware design information is loaded from '/home/jonas/Documents/SDU/Master/Semester1/Project/software/git/gokart_inverter/inverterControl/inverterControl.sdk/block_adc_wrapper_hw_platform_0/system.hdf'.
12:14:17 INFO  : 'configparams force-mem-access 1' command is executed.
12:14:17 INFO  : Context for 'APU' is selected.
12:14:18 INFO  : 'stop' command is executed.
12:14:18 INFO  : 'ps7_init' command is executed.
12:14:18 INFO  : 'ps7_post_config' command is executed.
12:14:18 INFO  : Context for processor 'ps7_cortexa9_0' is selected.
12:14:18 INFO  : Processor reset is completed for 'ps7_cortexa9_0'.
12:14:18 INFO  : Context for processor 'ps7_cortexa9_0' is selected.
12:14:18 INFO  : The application '/home/jonas/Documents/SDU/Master/Semester1/Project/software/git/gokart_inverter/inverterControl/inverterControl.sdk/Generic_XADC/Debug/Generic_XADC.elf' is downloaded to processor 'ps7_cortexa9_0'.
12:14:18 INFO  : 'configparams force-mem-access 0' command is executed.
12:14:18 INFO  : ----------------XSDB Script----------------
connect -url tcp:127.0.0.1:3121
source /home/jonas/Documents/SDU/Master/Semester1/Project/software/git/gokart_inverter/inverterControl/inverterControl.sdk/block_adc_wrapper_hw_platform_0/ps7_init.tcl
targets -set -nocase -filter {name =~"APU*" && jtag_cable_name =~ "Digilent Zybo 210279771718A"} -index 0
loadhw -hw /home/jonas/Documents/SDU/Master/Semester1/Project/software/git/gokart_inverter/inverterControl/inverterControl.sdk/block_adc_wrapper_hw_platform_0/system.hdf -mem-ranges [list {0x40000000 0xbfffffff}]
configparams force-mem-access 1
targets -set -nocase -filter {name =~"APU*" && jtag_cable_name =~ "Digilent Zybo 210279771718A"} -index 0
stop
ps7_init
ps7_post_config
targets -set -nocase -filter {name =~ "ARM*#0" && jtag_cable_name =~ "Digilent Zybo 210279771718A"} -index 0
rst -processor
targets -set -nocase -filter {name =~ "ARM*#0" && jtag_cable_name =~ "Digilent Zybo 210279771718A"} -index 0
dow /home/jonas/Documents/SDU/Master/Semester1/Project/software/git/gokart_inverter/inverterControl/inverterControl.sdk/Generic_XADC/Debug/Generic_XADC.elf
configparams force-mem-access 0
----------------End of Script----------------

12:14:18 INFO  : Context for processor 'ps7_cortexa9_0' is selected.
12:14:18 INFO  : 'con' command is executed.
12:14:18 INFO  : ----------------XSDB Script (After Launch)----------------
targets -set -nocase -filter {name =~ "ARM*#0" && jtag_cable_name =~ "Digilent Zybo 210279771718A"} -index 0
con
----------------End of Script----------------

12:14:18 INFO  : Disconnected from the channel tcfchan#16.
12:15:13 INFO  : 'targets -set -filter {jtag_cable_name =~ "Digilent Zybo 210279771718A" && level==0} -index 1' command is executed.
12:15:13 INFO  : 'fpga -state' command is executed.
12:15:13 INFO  : Connected to target on host '127.0.0.1' and port '3121'.
12:15:13 INFO  : Jtag cable 'Digilent Zybo 210279771718A' is selected.
12:15:13 INFO  : 'jtag frequency' command is executed.
12:15:13 INFO  : Sourcing of '/home/jonas/Documents/SDU/Master/Semester1/Project/software/git/gokart_inverter/inverterControl/inverterControl.sdk/block_adc_wrapper_hw_platform_0/ps7_init.tcl' is done.
12:15:14 INFO  : Context for 'APU' is selected.
12:15:16 INFO  : Hardware design information is loaded from '/home/jonas/Documents/SDU/Master/Semester1/Project/software/git/gokart_inverter/inverterControl/inverterControl.sdk/block_adc_wrapper_hw_platform_0/system.hdf'.
12:15:16 INFO  : 'configparams force-mem-access 1' command is executed.
12:15:16 INFO  : Context for 'APU' is selected.
12:15:16 INFO  : 'stop' command is executed.
12:15:16 INFO  : 'ps7_init' command is executed.
12:15:16 INFO  : 'ps7_post_config' command is executed.
12:15:17 INFO  : Context for processor 'ps7_cortexa9_0' is selected.
12:15:17 INFO  : Processor reset is completed for 'ps7_cortexa9_0'.
12:15:17 INFO  : Context for processor 'ps7_cortexa9_0' is selected.
12:15:17 INFO  : The application '/home/jonas/Documents/SDU/Master/Semester1/Project/software/git/gokart_inverter/inverterControl/inverterControl.sdk/Generic_XADC/Debug/Generic_XADC.elf' is downloaded to processor 'ps7_cortexa9_0'.
12:15:17 INFO  : 'configparams force-mem-access 0' command is executed.
12:15:17 INFO  : ----------------XSDB Script----------------
connect -url tcp:127.0.0.1:3121
source /home/jonas/Documents/SDU/Master/Semester1/Project/software/git/gokart_inverter/inverterControl/inverterControl.sdk/block_adc_wrapper_hw_platform_0/ps7_init.tcl
targets -set -nocase -filter {name =~"APU*" && jtag_cable_name =~ "Digilent Zybo 210279771718A"} -index 0
loadhw -hw /home/jonas/Documents/SDU/Master/Semester1/Project/software/git/gokart_inverter/inverterControl/inverterControl.sdk/block_adc_wrapper_hw_platform_0/system.hdf -mem-ranges [list {0x40000000 0xbfffffff}]
configparams force-mem-access 1
targets -set -nocase -filter {name =~"APU*" && jtag_cable_name =~ "Digilent Zybo 210279771718A"} -index 0
stop
ps7_init
ps7_post_config
targets -set -nocase -filter {name =~ "ARM*#0" && jtag_cable_name =~ "Digilent Zybo 210279771718A"} -index 0
rst -processor
targets -set -nocase -filter {name =~ "ARM*#0" && jtag_cable_name =~ "Digilent Zybo 210279771718A"} -index 0
dow /home/jonas/Documents/SDU/Master/Semester1/Project/software/git/gokart_inverter/inverterControl/inverterControl.sdk/Generic_XADC/Debug/Generic_XADC.elf
configparams force-mem-access 0
----------------End of Script----------------

12:15:17 INFO  : Context for processor 'ps7_cortexa9_0' is selected.
12:15:17 INFO  : 'con' command is executed.
12:15:17 INFO  : ----------------XSDB Script (After Launch)----------------
targets -set -nocase -filter {name =~ "ARM*#0" && jtag_cable_name =~ "Digilent Zybo 210279771718A"} -index 0
con
----------------End of Script----------------

12:15:17 INFO  : Disconnected from the channel tcfchan#17.
12:18:31 INFO  : 'targets -set -filter {jtag_cable_name =~ "Digilent Zybo 210279771718A" && level==0} -index 1' command is executed.
12:18:31 INFO  : 'fpga -state' command is executed.
12:18:31 INFO  : Connected to target on host '127.0.0.1' and port '3121'.
12:18:31 INFO  : Jtag cable 'Digilent Zybo 210279771718A' is selected.
12:18:31 INFO  : 'jtag frequency' command is executed.
12:18:31 INFO  : Sourcing of '/home/jonas/Documents/SDU/Master/Semester1/Project/software/git/gokart_inverter/inverterControl/inverterControl.sdk/block_adc_wrapper_hw_platform_0/ps7_init.tcl' is done.
12:18:31 INFO  : Context for 'APU' is selected.
12:18:34 INFO  : Hardware design information is loaded from '/home/jonas/Documents/SDU/Master/Semester1/Project/software/git/gokart_inverter/inverterControl/inverterControl.sdk/block_adc_wrapper_hw_platform_0/system.hdf'.
12:18:34 INFO  : 'configparams force-mem-access 1' command is executed.
12:18:34 INFO  : Context for 'APU' is selected.
12:18:34 INFO  : 'stop' command is executed.
12:18:34 INFO  : 'ps7_init' command is executed.
12:18:34 INFO  : 'ps7_post_config' command is executed.
12:18:34 INFO  : Context for processor 'ps7_cortexa9_0' is selected.
12:18:34 INFO  : Processor reset is completed for 'ps7_cortexa9_0'.
12:18:34 INFO  : Context for processor 'ps7_cortexa9_0' is selected.
12:18:34 INFO  : The application '/home/jonas/Documents/SDU/Master/Semester1/Project/software/git/gokart_inverter/inverterControl/inverterControl.sdk/Generic_XADC/Debug/Generic_XADC.elf' is downloaded to processor 'ps7_cortexa9_0'.
12:18:34 INFO  : 'configparams force-mem-access 0' command is executed.
12:18:34 INFO  : ----------------XSDB Script----------------
connect -url tcp:127.0.0.1:3121
source /home/jonas/Documents/SDU/Master/Semester1/Project/software/git/gokart_inverter/inverterControl/inverterControl.sdk/block_adc_wrapper_hw_platform_0/ps7_init.tcl
targets -set -nocase -filter {name =~"APU*" && jtag_cable_name =~ "Digilent Zybo 210279771718A"} -index 0
loadhw -hw /home/jonas/Documents/SDU/Master/Semester1/Project/software/git/gokart_inverter/inverterControl/inverterControl.sdk/block_adc_wrapper_hw_platform_0/system.hdf -mem-ranges [list {0x40000000 0xbfffffff}]
configparams force-mem-access 1
targets -set -nocase -filter {name =~"APU*" && jtag_cable_name =~ "Digilent Zybo 210279771718A"} -index 0
stop
ps7_init
ps7_post_config
targets -set -nocase -filter {name =~ "ARM*#0" && jtag_cable_name =~ "Digilent Zybo 210279771718A"} -index 0
rst -processor
targets -set -nocase -filter {name =~ "ARM*#0" && jtag_cable_name =~ "Digilent Zybo 210279771718A"} -index 0
dow /home/jonas/Documents/SDU/Master/Semester1/Project/software/git/gokart_inverter/inverterControl/inverterControl.sdk/Generic_XADC/Debug/Generic_XADC.elf
configparams force-mem-access 0
----------------End of Script----------------

12:18:34 INFO  : Context for processor 'ps7_cortexa9_0' is selected.
12:18:34 INFO  : 'con' command is executed.
12:18:34 INFO  : ----------------XSDB Script (After Launch)----------------
targets -set -nocase -filter {name =~ "ARM*#0" && jtag_cable_name =~ "Digilent Zybo 210279771718A"} -index 0
con
----------------End of Script----------------

12:18:34 INFO  : Disconnected from the channel tcfchan#18.
18:36:41 INFO  : 'targets -set -filter {jtag_cable_name =~ "Digilent Zybo 210279771718A" && level==0} -index 1' command is executed.
18:36:41 INFO  : 'fpga -state' command is executed.
18:36:41 INFO  : Connected to target on host '127.0.0.1' and port '3121'.
18:36:42 INFO  : Jtag cable 'Digilent Zybo 210279771718A' is selected.
18:36:42 INFO  : 'jtag frequency' command is executed.
18:36:42 INFO  : Sourcing of '/home/jonas/Documents/SDU/Master/Semester1/Project/software/git/gokart_inverter/inverterControl/inverterControl.sdk/block_adc_wrapper_hw_platform_0/ps7_init.tcl' is done.
18:36:42 INFO  : Context for 'APU' is selected.
18:36:44 INFO  : Hardware design information is loaded from '/home/jonas/Documents/SDU/Master/Semester1/Project/software/git/gokart_inverter/inverterControl/inverterControl.sdk/block_adc_wrapper_hw_platform_0/system.hdf'.
18:36:44 INFO  : 'configparams force-mem-access 1' command is executed.
18:36:44 INFO  : Context for 'APU' is selected.
18:36:44 INFO  : 'stop' command is executed.
18:36:45 INFO  : 'ps7_init' command is executed.
18:36:45 INFO  : 'ps7_post_config' command is executed.
18:36:45 INFO  : Context for processor 'ps7_cortexa9_0' is selected.
18:36:45 INFO  : Processor reset is completed for 'ps7_cortexa9_0'.
18:36:45 INFO  : Context for processor 'ps7_cortexa9_0' is selected.
18:36:45 INFO  : The application '/home/jonas/Documents/SDU/Master/Semester1/Project/software/git/gokart_inverter/inverterControl/inverterControl.sdk/Generic_XADC/Debug/Generic_XADC.elf' is downloaded to processor 'ps7_cortexa9_0'.
18:36:45 INFO  : 'configparams force-mem-access 0' command is executed.
18:36:45 INFO  : ----------------XSDB Script----------------
connect -url tcp:127.0.0.1:3121
source /home/jonas/Documents/SDU/Master/Semester1/Project/software/git/gokart_inverter/inverterControl/inverterControl.sdk/block_adc_wrapper_hw_platform_0/ps7_init.tcl
targets -set -nocase -filter {name =~"APU*" && jtag_cable_name =~ "Digilent Zybo 210279771718A"} -index 0
loadhw -hw /home/jonas/Documents/SDU/Master/Semester1/Project/software/git/gokart_inverter/inverterControl/inverterControl.sdk/block_adc_wrapper_hw_platform_0/system.hdf -mem-ranges [list {0x40000000 0xbfffffff}]
configparams force-mem-access 1
targets -set -nocase -filter {name =~"APU*" && jtag_cable_name =~ "Digilent Zybo 210279771718A"} -index 0
stop
ps7_init
ps7_post_config
targets -set -nocase -filter {name =~ "ARM*#0" && jtag_cable_name =~ "Digilent Zybo 210279771718A"} -index 0
rst -processor
targets -set -nocase -filter {name =~ "ARM*#0" && jtag_cable_name =~ "Digilent Zybo 210279771718A"} -index 0
dow /home/jonas/Documents/SDU/Master/Semester1/Project/software/git/gokart_inverter/inverterControl/inverterControl.sdk/Generic_XADC/Debug/Generic_XADC.elf
configparams force-mem-access 0
----------------End of Script----------------

18:36:45 INFO  : Context for processor 'ps7_cortexa9_0' is selected.
18:36:45 INFO  : 'con' command is executed.
18:36:45 INFO  : ----------------XSDB Script (After Launch)----------------
targets -set -nocase -filter {name =~ "ARM*#0" && jtag_cable_name =~ "Digilent Zybo 210279771718A"} -index 0
con
----------------End of Script----------------

18:36:45 INFO  : Disconnected from the channel tcfchan#19.
18:39:39 INFO  : 'targets -set -filter {jtag_cable_name =~ "Digilent Zybo 210279771718A" && level==0} -index 1' command is executed.
18:39:39 INFO  : 'fpga -state' command is executed.
18:39:39 INFO  : Connected to target on host '127.0.0.1' and port '3121'.
18:39:40 INFO  : Jtag cable 'Digilent Zybo 210279771718A' is selected.
18:39:40 INFO  : 'jtag frequency' command is executed.
18:39:40 INFO  : Sourcing of '/home/jonas/Documents/SDU/Master/Semester1/Project/software/git/gokart_inverter/inverterControl/inverterControl.sdk/block_adc_wrapper_hw_platform_0/ps7_init.tcl' is done.
18:39:40 INFO  : Context for 'APU' is selected.
18:39:42 INFO  : Hardware design information is loaded from '/home/jonas/Documents/SDU/Master/Semester1/Project/software/git/gokart_inverter/inverterControl/inverterControl.sdk/block_adc_wrapper_hw_platform_0/system.hdf'.
18:39:42 INFO  : 'configparams force-mem-access 1' command is executed.
18:39:42 INFO  : Context for 'APU' is selected.
18:39:42 INFO  : 'stop' command is executed.
18:39:43 INFO  : 'ps7_init' command is executed.
18:39:43 INFO  : 'ps7_post_config' command is executed.
18:39:43 INFO  : Context for processor 'ps7_cortexa9_0' is selected.
18:39:43 INFO  : Processor reset is completed for 'ps7_cortexa9_0'.
18:39:43 INFO  : Context for processor 'ps7_cortexa9_0' is selected.
18:39:43 INFO  : The application '/home/jonas/Documents/SDU/Master/Semester1/Project/software/git/gokart_inverter/inverterControl/inverterControl.sdk/Generic_XADC/Debug/Generic_XADC.elf' is downloaded to processor 'ps7_cortexa9_0'.
18:39:43 INFO  : 'configparams force-mem-access 0' command is executed.
18:39:43 INFO  : ----------------XSDB Script----------------
connect -url tcp:127.0.0.1:3121
source /home/jonas/Documents/SDU/Master/Semester1/Project/software/git/gokart_inverter/inverterControl/inverterControl.sdk/block_adc_wrapper_hw_platform_0/ps7_init.tcl
targets -set -nocase -filter {name =~"APU*" && jtag_cable_name =~ "Digilent Zybo 210279771718A"} -index 0
loadhw -hw /home/jonas/Documents/SDU/Master/Semester1/Project/software/git/gokart_inverter/inverterControl/inverterControl.sdk/block_adc_wrapper_hw_platform_0/system.hdf -mem-ranges [list {0x40000000 0xbfffffff}]
configparams force-mem-access 1
targets -set -nocase -filter {name =~"APU*" && jtag_cable_name =~ "Digilent Zybo 210279771718A"} -index 0
stop
ps7_init
ps7_post_config
targets -set -nocase -filter {name =~ "ARM*#0" && jtag_cable_name =~ "Digilent Zybo 210279771718A"} -index 0
rst -processor
targets -set -nocase -filter {name =~ "ARM*#0" && jtag_cable_name =~ "Digilent Zybo 210279771718A"} -index 0
dow /home/jonas/Documents/SDU/Master/Semester1/Project/software/git/gokart_inverter/inverterControl/inverterControl.sdk/Generic_XADC/Debug/Generic_XADC.elf
configparams force-mem-access 0
----------------End of Script----------------

18:39:43 INFO  : Context for processor 'ps7_cortexa9_0' is selected.
18:39:43 INFO  : 'con' command is executed.
18:39:43 INFO  : ----------------XSDB Script (After Launch)----------------
targets -set -nocase -filter {name =~ "ARM*#0" && jtag_cable_name =~ "Digilent Zybo 210279771718A"} -index 0
con
----------------End of Script----------------

18:39:43 INFO  : Disconnected from the channel tcfchan#20.
18:43:43 INFO  : 'targets -set -filter {jtag_cable_name =~ "Digilent Zybo 210279771718A" && level==0} -index 1' command is executed.
18:43:43 INFO  : 'fpga -state' command is executed.
18:43:43 INFO  : Connected to target on host '127.0.0.1' and port '3121'.
18:43:44 INFO  : Jtag cable 'Digilent Zybo 210279771718A' is selected.
18:43:44 INFO  : 'jtag frequency' command is executed.
18:43:44 INFO  : Sourcing of '/home/jonas/Documents/SDU/Master/Semester1/Project/software/git/gokart_inverter/inverterControl/inverterControl.sdk/block_adc_wrapper_hw_platform_0/ps7_init.tcl' is done.
18:43:44 INFO  : Context for 'APU' is selected.
18:43:46 INFO  : Hardware design information is loaded from '/home/jonas/Documents/SDU/Master/Semester1/Project/software/git/gokart_inverter/inverterControl/inverterControl.sdk/block_adc_wrapper_hw_platform_0/system.hdf'.
18:43:46 INFO  : 'configparams force-mem-access 1' command is executed.
18:43:46 INFO  : Context for 'APU' is selected.
18:43:46 INFO  : 'stop' command is executed.
18:43:47 INFO  : 'ps7_init' command is executed.
18:43:47 INFO  : 'ps7_post_config' command is executed.
18:43:47 INFO  : Context for processor 'ps7_cortexa9_0' is selected.
18:43:47 INFO  : Processor reset is completed for 'ps7_cortexa9_0'.
18:43:47 INFO  : Context for processor 'ps7_cortexa9_0' is selected.
18:43:47 INFO  : The application '/home/jonas/Documents/SDU/Master/Semester1/Project/software/git/gokart_inverter/inverterControl/inverterControl.sdk/Generic_XADC/Debug/Generic_XADC.elf' is downloaded to processor 'ps7_cortexa9_0'.
18:43:47 INFO  : 'configparams force-mem-access 0' command is executed.
18:43:47 INFO  : ----------------XSDB Script----------------
connect -url tcp:127.0.0.1:3121
source /home/jonas/Documents/SDU/Master/Semester1/Project/software/git/gokart_inverter/inverterControl/inverterControl.sdk/block_adc_wrapper_hw_platform_0/ps7_init.tcl
targets -set -nocase -filter {name =~"APU*" && jtag_cable_name =~ "Digilent Zybo 210279771718A"} -index 0
loadhw -hw /home/jonas/Documents/SDU/Master/Semester1/Project/software/git/gokart_inverter/inverterControl/inverterControl.sdk/block_adc_wrapper_hw_platform_0/system.hdf -mem-ranges [list {0x40000000 0xbfffffff}]
configparams force-mem-access 1
targets -set -nocase -filter {name =~"APU*" && jtag_cable_name =~ "Digilent Zybo 210279771718A"} -index 0
stop
ps7_init
ps7_post_config
targets -set -nocase -filter {name =~ "ARM*#0" && jtag_cable_name =~ "Digilent Zybo 210279771718A"} -index 0
rst -processor
targets -set -nocase -filter {name =~ "ARM*#0" && jtag_cable_name =~ "Digilent Zybo 210279771718A"} -index 0
dow /home/jonas/Documents/SDU/Master/Semester1/Project/software/git/gokart_inverter/inverterControl/inverterControl.sdk/Generic_XADC/Debug/Generic_XADC.elf
configparams force-mem-access 0
----------------End of Script----------------

18:43:47 INFO  : Context for processor 'ps7_cortexa9_0' is selected.
18:43:47 INFO  : 'con' command is executed.
18:43:47 INFO  : ----------------XSDB Script (After Launch)----------------
targets -set -nocase -filter {name =~ "ARM*#0" && jtag_cable_name =~ "Digilent Zybo 210279771718A"} -index 0
con
----------------End of Script----------------

18:43:47 INFO  : Disconnected from the channel tcfchan#21.
18:54:58 INFO  : 'targets -set -filter {jtag_cable_name =~ "Digilent Zybo 210279771718A" && level==0} -index 1' command is executed.
18:54:58 INFO  : 'fpga -state' command is executed.
18:54:58 INFO  : Connected to target on host '127.0.0.1' and port '3121'.
18:54:59 INFO  : Jtag cable 'Digilent Zybo 210279771718A' is selected.
18:54:59 INFO  : 'jtag frequency' command is executed.
18:54:59 INFO  : Sourcing of '/home/jonas/Documents/SDU/Master/Semester1/Project/software/git/gokart_inverter/inverterControl/inverterControl.sdk/block_adc_wrapper_hw_platform_0/ps7_init.tcl' is done.
18:54:59 INFO  : Context for 'APU' is selected.
18:55:01 INFO  : Hardware design information is loaded from '/home/jonas/Documents/SDU/Master/Semester1/Project/software/git/gokart_inverter/inverterControl/inverterControl.sdk/block_adc_wrapper_hw_platform_0/system.hdf'.
18:55:01 INFO  : 'configparams force-mem-access 1' command is executed.
18:55:01 INFO  : Context for 'APU' is selected.
18:55:02 INFO  : 'stop' command is executed.
18:55:02 INFO  : 'ps7_init' command is executed.
18:55:02 INFO  : 'ps7_post_config' command is executed.
18:55:02 INFO  : Context for processor 'ps7_cortexa9_0' is selected.
18:55:02 INFO  : Processor reset is completed for 'ps7_cortexa9_0'.
18:55:02 INFO  : Context for processor 'ps7_cortexa9_0' is selected.
18:55:02 INFO  : The application '/home/jonas/Documents/SDU/Master/Semester1/Project/software/git/gokart_inverter/inverterControl/inverterControl.sdk/Generic_XADC/Debug/Generic_XADC.elf' is downloaded to processor 'ps7_cortexa9_0'.
18:55:02 INFO  : 'configparams force-mem-access 0' command is executed.
18:55:02 INFO  : ----------------XSDB Script----------------
connect -url tcp:127.0.0.1:3121
source /home/jonas/Documents/SDU/Master/Semester1/Project/software/git/gokart_inverter/inverterControl/inverterControl.sdk/block_adc_wrapper_hw_platform_0/ps7_init.tcl
targets -set -nocase -filter {name =~"APU*" && jtag_cable_name =~ "Digilent Zybo 210279771718A"} -index 0
loadhw -hw /home/jonas/Documents/SDU/Master/Semester1/Project/software/git/gokart_inverter/inverterControl/inverterControl.sdk/block_adc_wrapper_hw_platform_0/system.hdf -mem-ranges [list {0x40000000 0xbfffffff}]
configparams force-mem-access 1
targets -set -nocase -filter {name =~"APU*" && jtag_cable_name =~ "Digilent Zybo 210279771718A"} -index 0
stop
ps7_init
ps7_post_config
targets -set -nocase -filter {name =~ "ARM*#0" && jtag_cable_name =~ "Digilent Zybo 210279771718A"} -index 0
rst -processor
targets -set -nocase -filter {name =~ "ARM*#0" && jtag_cable_name =~ "Digilent Zybo 210279771718A"} -index 0
dow /home/jonas/Documents/SDU/Master/Semester1/Project/software/git/gokart_inverter/inverterControl/inverterControl.sdk/Generic_XADC/Debug/Generic_XADC.elf
configparams force-mem-access 0
----------------End of Script----------------

18:55:02 INFO  : Context for processor 'ps7_cortexa9_0' is selected.
18:55:03 INFO  : 'con' command is executed.
18:55:03 INFO  : ----------------XSDB Script (After Launch)----------------
targets -set -nocase -filter {name =~ "ARM*#0" && jtag_cable_name =~ "Digilent Zybo 210279771718A"} -index 0
con
----------------End of Script----------------

18:55:03 INFO  : Disconnected from the channel tcfchan#22.
18:56:46 INFO  : 'targets -set -filter {jtag_cable_name =~ "Digilent Zybo 210279771718A" && level==0} -index 1' command is executed.
18:56:46 INFO  : 'fpga -state' command is executed.
18:56:46 INFO  : Connected to target on host '127.0.0.1' and port '3121'.
18:56:46 INFO  : Jtag cable 'Digilent Zybo 210279771718A' is selected.
18:56:46 INFO  : 'jtag frequency' command is executed.
18:56:46 INFO  : Sourcing of '/home/jonas/Documents/SDU/Master/Semester1/Project/software/git/gokart_inverter/inverterControl/inverterControl.sdk/block_adc_wrapper_hw_platform_0/ps7_init.tcl' is done.
18:56:46 INFO  : Context for 'APU' is selected.
18:56:49 INFO  : Hardware design information is loaded from '/home/jonas/Documents/SDU/Master/Semester1/Project/software/git/gokart_inverter/inverterControl/inverterControl.sdk/block_adc_wrapper_hw_platform_0/system.hdf'.
18:56:49 INFO  : 'configparams force-mem-access 1' command is executed.
18:56:49 INFO  : Context for 'APU' is selected.
18:56:49 INFO  : 'stop' command is executed.
18:56:49 INFO  : 'ps7_init' command is executed.
18:56:49 INFO  : 'ps7_post_config' command is executed.
18:56:49 INFO  : Context for processor 'ps7_cortexa9_0' is selected.
18:56:49 INFO  : Processor reset is completed for 'ps7_cortexa9_0'.
18:56:49 INFO  : Context for processor 'ps7_cortexa9_0' is selected.
18:56:49 INFO  : The application '/home/jonas/Documents/SDU/Master/Semester1/Project/software/git/gokart_inverter/inverterControl/inverterControl.sdk/Generic_XADC/Debug/Generic_XADC.elf' is downloaded to processor 'ps7_cortexa9_0'.
18:56:49 INFO  : 'configparams force-mem-access 0' command is executed.
18:56:49 INFO  : ----------------XSDB Script----------------
connect -url tcp:127.0.0.1:3121
source /home/jonas/Documents/SDU/Master/Semester1/Project/software/git/gokart_inverter/inverterControl/inverterControl.sdk/block_adc_wrapper_hw_platform_0/ps7_init.tcl
targets -set -nocase -filter {name =~"APU*" && jtag_cable_name =~ "Digilent Zybo 210279771718A"} -index 0
loadhw -hw /home/jonas/Documents/SDU/Master/Semester1/Project/software/git/gokart_inverter/inverterControl/inverterControl.sdk/block_adc_wrapper_hw_platform_0/system.hdf -mem-ranges [list {0x40000000 0xbfffffff}]
configparams force-mem-access 1
targets -set -nocase -filter {name =~"APU*" && jtag_cable_name =~ "Digilent Zybo 210279771718A"} -index 0
stop
ps7_init
ps7_post_config
targets -set -nocase -filter {name =~ "ARM*#0" && jtag_cable_name =~ "Digilent Zybo 210279771718A"} -index 0
rst -processor
targets -set -nocase -filter {name =~ "ARM*#0" && jtag_cable_name =~ "Digilent Zybo 210279771718A"} -index 0
dow /home/jonas/Documents/SDU/Master/Semester1/Project/software/git/gokart_inverter/inverterControl/inverterControl.sdk/Generic_XADC/Debug/Generic_XADC.elf
configparams force-mem-access 0
----------------End of Script----------------

18:56:50 INFO  : Context for processor 'ps7_cortexa9_0' is selected.
18:56:50 INFO  : 'con' command is executed.
18:56:50 INFO  : ----------------XSDB Script (After Launch)----------------
targets -set -nocase -filter {name =~ "ARM*#0" && jtag_cable_name =~ "Digilent Zybo 210279771718A"} -index 0
con
----------------End of Script----------------

18:56:50 INFO  : Disconnected from the channel tcfchan#23.
18:59:18 INFO  : 'targets -set -filter {jtag_cable_name =~ "Digilent Zybo 210279771718A" && level==0} -index 1' command is executed.
18:59:18 INFO  : 'fpga -state' command is executed.
18:59:18 INFO  : Connected to target on host '127.0.0.1' and port '3121'.
18:59:18 INFO  : Jtag cable 'Digilent Zybo 210279771718A' is selected.
18:59:18 INFO  : 'jtag frequency' command is executed.
18:59:18 INFO  : Sourcing of '/home/jonas/Documents/SDU/Master/Semester1/Project/software/git/gokart_inverter/inverterControl/inverterControl.sdk/block_adc_wrapper_hw_platform_0/ps7_init.tcl' is done.
18:59:18 INFO  : Context for 'APU' is selected.
18:59:21 INFO  : Hardware design information is loaded from '/home/jonas/Documents/SDU/Master/Semester1/Project/software/git/gokart_inverter/inverterControl/inverterControl.sdk/block_adc_wrapper_hw_platform_0/system.hdf'.
18:59:21 INFO  : 'configparams force-mem-access 1' command is executed.
18:59:21 INFO  : Context for 'APU' is selected.
18:59:21 INFO  : 'stop' command is executed.
18:59:21 INFO  : 'ps7_init' command is executed.
18:59:21 INFO  : 'ps7_post_config' command is executed.
18:59:21 INFO  : Context for processor 'ps7_cortexa9_0' is selected.
18:59:21 INFO  : Processor reset is completed for 'ps7_cortexa9_0'.
18:59:21 INFO  : Context for processor 'ps7_cortexa9_0' is selected.
18:59:22 INFO  : The application '/home/jonas/Documents/SDU/Master/Semester1/Project/software/git/gokart_inverter/inverterControl/inverterControl.sdk/Generic_XADC/Debug/Generic_XADC.elf' is downloaded to processor 'ps7_cortexa9_0'.
18:59:22 INFO  : 'configparams force-mem-access 0' command is executed.
18:59:22 INFO  : ----------------XSDB Script----------------
connect -url tcp:127.0.0.1:3121
source /home/jonas/Documents/SDU/Master/Semester1/Project/software/git/gokart_inverter/inverterControl/inverterControl.sdk/block_adc_wrapper_hw_platform_0/ps7_init.tcl
targets -set -nocase -filter {name =~"APU*" && jtag_cable_name =~ "Digilent Zybo 210279771718A"} -index 0
loadhw -hw /home/jonas/Documents/SDU/Master/Semester1/Project/software/git/gokart_inverter/inverterControl/inverterControl.sdk/block_adc_wrapper_hw_platform_0/system.hdf -mem-ranges [list {0x40000000 0xbfffffff}]
configparams force-mem-access 1
targets -set -nocase -filter {name =~"APU*" && jtag_cable_name =~ "Digilent Zybo 210279771718A"} -index 0
stop
ps7_init
ps7_post_config
targets -set -nocase -filter {name =~ "ARM*#0" && jtag_cable_name =~ "Digilent Zybo 210279771718A"} -index 0
rst -processor
targets -set -nocase -filter {name =~ "ARM*#0" && jtag_cable_name =~ "Digilent Zybo 210279771718A"} -index 0
dow /home/jonas/Documents/SDU/Master/Semester1/Project/software/git/gokart_inverter/inverterControl/inverterControl.sdk/Generic_XADC/Debug/Generic_XADC.elf
configparams force-mem-access 0
----------------End of Script----------------

18:59:22 INFO  : Context for processor 'ps7_cortexa9_0' is selected.
18:59:22 INFO  : 'con' command is executed.
18:59:22 INFO  : ----------------XSDB Script (After Launch)----------------
targets -set -nocase -filter {name =~ "ARM*#0" && jtag_cable_name =~ "Digilent Zybo 210279771718A"} -index 0
con
----------------End of Script----------------

18:59:22 INFO  : Disconnected from the channel tcfchan#24.
18:59:49 INFO  : 'targets -set -filter {jtag_cable_name =~ "Digilent Zybo 210279771718A" && level==0} -index 1' command is executed.
18:59:49 INFO  : 'fpga -state' command is executed.
18:59:49 INFO  : Connected to target on host '127.0.0.1' and port '3121'.
18:59:49 INFO  : Jtag cable 'Digilent Zybo 210279771718A' is selected.
18:59:49 INFO  : 'jtag frequency' command is executed.
18:59:49 INFO  : Sourcing of '/home/jonas/Documents/SDU/Master/Semester1/Project/software/git/gokart_inverter/inverterControl/inverterControl.sdk/block_adc_wrapper_hw_platform_0/ps7_init.tcl' is done.
18:59:49 INFO  : Context for 'APU' is selected.
18:59:52 INFO  : Hardware design information is loaded from '/home/jonas/Documents/SDU/Master/Semester1/Project/software/git/gokart_inverter/inverterControl/inverterControl.sdk/block_adc_wrapper_hw_platform_0/system.hdf'.
18:59:52 INFO  : 'configparams force-mem-access 1' command is executed.
18:59:52 INFO  : Context for 'APU' is selected.
18:59:52 INFO  : 'stop' command is executed.
18:59:52 INFO  : 'ps7_init' command is executed.
18:59:52 INFO  : 'ps7_post_config' command is executed.
18:59:52 INFO  : Context for processor 'ps7_cortexa9_0' is selected.
18:59:52 INFO  : Processor reset is completed for 'ps7_cortexa9_0'.
18:59:52 INFO  : Context for processor 'ps7_cortexa9_0' is selected.
18:59:52 INFO  : The application '/home/jonas/Documents/SDU/Master/Semester1/Project/software/git/gokart_inverter/inverterControl/inverterControl.sdk/Generic_XADC/Debug/Generic_XADC.elf' is downloaded to processor 'ps7_cortexa9_0'.
18:59:52 INFO  : 'configparams force-mem-access 0' command is executed.
18:59:52 INFO  : ----------------XSDB Script----------------
connect -url tcp:127.0.0.1:3121
source /home/jonas/Documents/SDU/Master/Semester1/Project/software/git/gokart_inverter/inverterControl/inverterControl.sdk/block_adc_wrapper_hw_platform_0/ps7_init.tcl
targets -set -nocase -filter {name =~"APU*" && jtag_cable_name =~ "Digilent Zybo 210279771718A"} -index 0
loadhw -hw /home/jonas/Documents/SDU/Master/Semester1/Project/software/git/gokart_inverter/inverterControl/inverterControl.sdk/block_adc_wrapper_hw_platform_0/system.hdf -mem-ranges [list {0x40000000 0xbfffffff}]
configparams force-mem-access 1
targets -set -nocase -filter {name =~"APU*" && jtag_cable_name =~ "Digilent Zybo 210279771718A"} -index 0
stop
ps7_init
ps7_post_config
targets -set -nocase -filter {name =~ "ARM*#0" && jtag_cable_name =~ "Digilent Zybo 210279771718A"} -index 0
rst -processor
targets -set -nocase -filter {name =~ "ARM*#0" && jtag_cable_name =~ "Digilent Zybo 210279771718A"} -index 0
dow /home/jonas/Documents/SDU/Master/Semester1/Project/software/git/gokart_inverter/inverterControl/inverterControl.sdk/Generic_XADC/Debug/Generic_XADC.elf
configparams force-mem-access 0
----------------End of Script----------------

18:59:53 INFO  : Context for processor 'ps7_cortexa9_0' is selected.
18:59:53 INFO  : 'con' command is executed.
18:59:53 INFO  : ----------------XSDB Script (After Launch)----------------
targets -set -nocase -filter {name =~ "ARM*#0" && jtag_cable_name =~ "Digilent Zybo 210279771718A"} -index 0
con
----------------End of Script----------------

18:59:53 INFO  : Disconnected from the channel tcfchan#25.
19:01:53 INFO  : 'targets -set -filter {jtag_cable_name =~ "Digilent Zybo 210279771718A" && level==0} -index 1' command is executed.
19:01:53 INFO  : 'fpga -state' command is executed.
19:01:53 INFO  : Connected to target on host '127.0.0.1' and port '3121'.
19:01:54 INFO  : Jtag cable 'Digilent Zybo 210279771718A' is selected.
19:01:54 INFO  : 'jtag frequency' command is executed.
19:01:54 INFO  : Sourcing of '/home/jonas/Documents/SDU/Master/Semester1/Project/software/git/gokart_inverter/inverterControl/inverterControl.sdk/block_adc_wrapper_hw_platform_0/ps7_init.tcl' is done.
19:01:54 INFO  : Context for 'APU' is selected.
19:01:57 INFO  : Hardware design information is loaded from '/home/jonas/Documents/SDU/Master/Semester1/Project/software/git/gokart_inverter/inverterControl/inverterControl.sdk/block_adc_wrapper_hw_platform_0/system.hdf'.
19:01:57 INFO  : 'configparams force-mem-access 1' command is executed.
19:01:57 INFO  : Context for 'APU' is selected.
19:01:57 INFO  : 'stop' command is executed.
19:01:57 INFO  : 'ps7_init' command is executed.
19:01:57 INFO  : 'ps7_post_config' command is executed.
19:01:57 INFO  : Context for processor 'ps7_cortexa9_0' is selected.
19:01:57 INFO  : Processor reset is completed for 'ps7_cortexa9_0'.
19:01:57 INFO  : Context for processor 'ps7_cortexa9_0' is selected.
19:01:57 INFO  : The application '/home/jonas/Documents/SDU/Master/Semester1/Project/software/git/gokart_inverter/inverterControl/inverterControl.sdk/Generic_XADC/Debug/Generic_XADC.elf' is downloaded to processor 'ps7_cortexa9_0'.
19:01:57 INFO  : 'configparams force-mem-access 0' command is executed.
19:01:57 INFO  : ----------------XSDB Script----------------
connect -url tcp:127.0.0.1:3121
source /home/jonas/Documents/SDU/Master/Semester1/Project/software/git/gokart_inverter/inverterControl/inverterControl.sdk/block_adc_wrapper_hw_platform_0/ps7_init.tcl
targets -set -nocase -filter {name =~"APU*" && jtag_cable_name =~ "Digilent Zybo 210279771718A"} -index 0
loadhw -hw /home/jonas/Documents/SDU/Master/Semester1/Project/software/git/gokart_inverter/inverterControl/inverterControl.sdk/block_adc_wrapper_hw_platform_0/system.hdf -mem-ranges [list {0x40000000 0xbfffffff}]
configparams force-mem-access 1
targets -set -nocase -filter {name =~"APU*" && jtag_cable_name =~ "Digilent Zybo 210279771718A"} -index 0
stop
ps7_init
ps7_post_config
targets -set -nocase -filter {name =~ "ARM*#0" && jtag_cable_name =~ "Digilent Zybo 210279771718A"} -index 0
rst -processor
targets -set -nocase -filter {name =~ "ARM*#0" && jtag_cable_name =~ "Digilent Zybo 210279771718A"} -index 0
dow /home/jonas/Documents/SDU/Master/Semester1/Project/software/git/gokart_inverter/inverterControl/inverterControl.sdk/Generic_XADC/Debug/Generic_XADC.elf
configparams force-mem-access 0
----------------End of Script----------------

19:01:58 INFO  : Context for processor 'ps7_cortexa9_0' is selected.
19:01:58 INFO  : 'con' command is executed.
19:01:58 INFO  : ----------------XSDB Script (After Launch)----------------
targets -set -nocase -filter {name =~ "ARM*#0" && jtag_cable_name =~ "Digilent Zybo 210279771718A"} -index 0
con
----------------End of Script----------------

19:01:58 INFO  : Disconnected from the channel tcfchan#26.
06:28:16 INFO  : 'targets -set -filter {jtag_cable_name =~ "Digilent Zybo 210279771718A" && level==0} -index 1' command is executed.
06:28:16 INFO  : 'fpga -state' command is executed.
06:30:21 INFO  : 'targets -set -filter {jtag_cable_name =~ "Digilent Zybo 210279771718A" && level==0} -index 1' command is executed.
06:30:21 INFO  : 'fpga -state' command is executed.
06:30:21 INFO  : Connected to target on host '127.0.0.1' and port '3121'.
06:30:21 INFO  : Jtag cable 'Digilent Zybo 210279771718A' is selected.
06:30:21 INFO  : 'jtag frequency' command is executed.
06:30:21 INFO  : Sourcing of '/home/jonas/Documents/SDU/Master/Semester1/Project/software/git/gokart_inverter/inverterControl/inverterControl.sdk/block_adc_wrapper_hw_platform_0/ps7_init.tcl' is done.
06:30:21 INFO  : Context for 'APU' is selected.
06:30:21 INFO  : Hardware design information is loaded from '/home/jonas/Documents/SDU/Master/Semester1/Project/software/git/gokart_inverter/inverterControl/inverterControl.sdk/block_adc_wrapper_hw_platform_0/system.hdf'.
06:30:21 INFO  : 'configparams force-mem-access 1' command is executed.
06:30:21 INFO  : Context for 'APU' is selected.
06:30:21 INFO  : 'stop' command is executed.
06:30:22 INFO  : 'ps7_init' command is executed.
06:30:22 INFO  : 'ps7_post_config' command is executed.
06:30:22 INFO  : Context for processor 'ps7_cortexa9_0' is selected.
06:30:22 INFO  : Processor reset is completed for 'ps7_cortexa9_0'.
06:30:22 INFO  : Context for processor 'ps7_cortexa9_0' is selected.
06:30:22 INFO  : The application '/home/jonas/Documents/SDU/Master/Semester1/Project/software/git/gokart_inverter/inverterControl/inverterControl.sdk/Generic_XADC/Debug/Generic_XADC.elf' is downloaded to processor 'ps7_cortexa9_0'.
06:30:22 INFO  : 'configparams force-mem-access 0' command is executed.
06:30:22 INFO  : ----------------XSDB Script----------------
connect -url tcp:127.0.0.1:3121
source /home/jonas/Documents/SDU/Master/Semester1/Project/software/git/gokart_inverter/inverterControl/inverterControl.sdk/block_adc_wrapper_hw_platform_0/ps7_init.tcl
targets -set -nocase -filter {name =~"APU*" && jtag_cable_name =~ "Digilent Zybo 210279771718A"} -index 0
loadhw -hw /home/jonas/Documents/SDU/Master/Semester1/Project/software/git/gokart_inverter/inverterControl/inverterControl.sdk/block_adc_wrapper_hw_platform_0/system.hdf -mem-ranges [list {0x40000000 0xbfffffff}]
configparams force-mem-access 1
targets -set -nocase -filter {name =~"APU*" && jtag_cable_name =~ "Digilent Zybo 210279771718A"} -index 0
stop
ps7_init
ps7_post_config
targets -set -nocase -filter {name =~ "ARM*#0" && jtag_cable_name =~ "Digilent Zybo 210279771718A"} -index 0
rst -processor
targets -set -nocase -filter {name =~ "ARM*#0" && jtag_cable_name =~ "Digilent Zybo 210279771718A"} -index 0
dow /home/jonas/Documents/SDU/Master/Semester1/Project/software/git/gokart_inverter/inverterControl/inverterControl.sdk/Generic_XADC/Debug/Generic_XADC.elf
configparams force-mem-access 0
----------------End of Script----------------

06:30:22 INFO  : Context for processor 'ps7_cortexa9_0' is selected.
06:30:22 INFO  : 'con' command is executed.
06:30:22 INFO  : ----------------XSDB Script (After Launch)----------------
targets -set -nocase -filter {name =~ "ARM*#0" && jtag_cable_name =~ "Digilent Zybo 210279771718A"} -index 0
con
----------------End of Script----------------

06:30:22 INFO  : Disconnected from the channel tcfchan#27.
06:42:49 INFO  : Refreshed build settings on project Generic_XADC
06:46:53 INFO  : Invoking Bootgen: bootgen -image Generic_XADC.bif -arch zynq -o /home/jonas/Documents/SDU/Master/Semester1/Project/software/git/gokart_inverter/inverterControl/inverterControl.sdk/Generic_XADC/bootimage/BOOT.bin
06:46:53 INFO  : Creating new bif file /home/jonas/Documents/SDU/Master/Semester1/Project/software/git/gokart_inverter/inverterControl/inverterControl.sdk/Generic_XADC/bootimage/Generic_XADC.bif
06:46:54 INFO  : Bootgen command execution is done.
08:24:41 INFO  : Registering command handlers for SDK TCF services
08:24:42 INFO  : Launching XSCT server: xsct -n -interactive /home/jonas/Documents/SDU/Master/Semester1/Project/software/git/gokart_inverter/inverterControl/inverterControl.sdk/temp_xsdb_launch_script.tcl
08:24:46 INFO  : XSCT server has started successfully.
08:24:47 INFO  : Successfully done setting XSCT server connection channel  
08:24:47 INFO  : Successfully done setting SDK workspace  
08:24:47 INFO  : Processing command line option -hwspec /home/jonas/Documents/SDU/Master/Semester1/Project/software/git/gokart_inverter/inverterControl/inverterControl.sdk/block_adc_wrapper.hdf.
08:24:47 INFO  : Checking for hwspec changes in the project block_adc_wrapper_hw_platform_0.
